[{"stream_name":"stdout","time":4.011272021,"data":"Collecting ultralytics\n"}
,{"stream_name":"stdout","time":4.081360377,"data":"  Downloading ultralytics-8.4.67-py3-none-any.whl.metadata (41 kB)\n"}
,{"stream_name":"stdout","time":4.104874324,"data":"     ━━━━━━━━━━━━━━━━━━━━━━━━━━━━━━━━━━━━━━━━ 41.3/41.3 kB 1.5 MB/s eta 0:00:00\n"}
,{"stream_name":"stdout","time":4.133690447,"data":"Requirement already satisfied: numpy\u003e=1.23.0 in /usr/local/lib/python3.12/dist-packages (from ultralytics) (2.4.6)\n"}
,{"stream_name":"stdout","time":4.13552838,"data":"Requirement already satisfied: matplotlib\u003e=3.3.0 in /usr/local/lib/python3.12/dist-packages (from ultralytics) (3.10.0)\n"}
,{"stream_name":"stdout","time":4.137103629,"data":"Requirement already satisfied: opencv-python\u003e=4.6.0 in /usr/local/lib/python3.12/dist-packages (from ultralytics) (4.13.0.92)\n"}
,{"stream_name":"stdout","time":4.138437171,"data":"Requirement already satisfied: pillow\u003e=7.1.2 in /usr/local/lib/python3.12/dist-packages (from ultralytics) (11.3.0)\n"}
,{"stream_name":"stdout","time":4.139547477,"data":"Requirement already satisfied: pyyaml\u003e=5.3.1 in /usr/local/lib/python3.12/dist-packages (from ultralytics) (6.0.3)\n"}
,{"stream_name":"stdout","time":4.141082609,"data":"Requirement already satisfied: requests\u003e=2.23.0 in /usr/local/lib/python3.12/dist-packages (from ultralytics) (2.32.4)\n"}
,{"stream_name":"stdout","time":4.147447355,"data":"Requirement already satisfied: scipy\u003e=1.4.1 in /usr/local/lib/python3.12/dist-packages (from ultralytics) (1.16.3)\n"}
,{"stream_name":"stdout","time":4.149626305,"data":"Requirement already satisfied: torch\u003e=1.8.0 in /usr/local/lib/python3.12/dist-packages (from ultralytics) (2.10.0+cu128)\n"}
,{"stream_name":"stdout","time":4.150788908,"data":"Requirement already satisfied: torchvision\u003e=0.9.0 in /usr/local/lib/python3.12/dist-packages (from ultralytics) (0.25.0+cu128)\n"}
,{"stream_name":"stdout","time":4.152445434,"data":"Requirement already satisfied: psutil\u003e=5.8.0 in /usr/local/lib/python3.12/dist-packages (from ultralytics) (5.9.5)\n"}
,{"stream_name":"stdout","time":4.154235003,"data":"Requirement already satisfied: polars\u003e=0.20.0 in /usr/local/lib/python3.12/dist-packages (from ultralytics) (1.35.2)\n"}
,{"stream_name":"stdout","time":4.155438511,"data":"Requirement already satisfied: nvidia-ml-py\u003e=12.0.0 in /usr/local/lib/python3.12/dist-packages (from ultralytics) (13.595.45)\n"}
,{"stream_name":"stdout","time":4.202964252,"data":"Collecting ultralytics-thop\u003e=2.0.18 (from ultralytics)\n"}
,{"stream_name":"stdout","time":4.217444002,"data":"  Downloading ultralytics_thop-2.0.20-py3-none-any.whl.metadata (14 kB)\n"}
,{"stream_name":"stdout","time":4.234281169,"data":"Requirement already satisfied: contourpy\u003e=1.0.1 in /usr/local/lib/python3.12/dist-packages (from matplotlib\u003e=3.3.0-\u003eultralytics) (1.3.3)\n"}
,{"stream_name":"stdout","time":4.235560448,"data":"Requirement already satisfied: cycler\u003e=0.10 in /usr/local/lib/python3.12/dist-packages (from matplotlib\u003e=3.3.0-\u003eultralytics) (0.12.1)\n"}
,{"stream_name":"stdout","time":4.240335621,"data":"Requirement already satisfied: fonttools\u003e=4.22.0 in /usr/local/lib/python3.12/dist-packages (from matplotlib\u003e=3.3.0-\u003eultralytics) (4.62.1)\n"}
,{"stream_name":"stdout","time":4.241734797,"data":"Requirement already satisfied: kiwisolver\u003e=1.3.1 in /usr/local/lib/python3.12/dist-packages (from matplotlib\u003e=3.3.0-\u003eultralytics) (1.5.0)\n"}
,{"stream_name":"stdout","time":4.243430451,"data":"Requirement already satisfied: packaging\u003e=20.0 in /usr/local/lib/python3.12/dist-packages (from matplotlib\u003e=3.3.0-\u003eultralytics) (26.2)\n"}
,{"stream_name":"stdout","time":4.245044017,"data":"Requirement already satisfied: pyparsing\u003e=2.3.1 in /usr/local/lib/python3.12/dist-packages (from matplotlib\u003e=3.3.0-\u003eultralytics) (3.3.2)\n"}
,{"stream_name":"stdout","time":4.246320072,"data":"Requirement already satisfied: python-dateutil\u003e=2.7 in /usr/local/lib/python3.12/dist-packages (from matplotlib\u003e=3.3.0-\u003eultralytics) (2.9.0.post0)\n"}
,{"stream_name":"stdout","time":4.258503184,"data":"Requirement already satisfied: polars-runtime-32==1.35.2 in /usr/local/lib/python3.12/dist-packages (from polars\u003e=0.20.0-\u003eultralytics) (1.35.2)\n"}
,{"stream_name":"stdout","time":4.267071022,"data":"Requirement already satisfied: charset_normalizer\u003c4,\u003e=2 in /usr/local/lib/python3.12/dist-packages (from requests\u003e=2.23.0-\u003eultralytics) (3.4.7)\n"}
,{"stream_name":"stdout","time":4.268482754,"data":"Requirement already satisfied: idna\u003c4,\u003e=2.5 in /usr/local/lib/python3.12/dist-packages (from requests\u003e=2.23.0-\u003eultralytics) (3.11)\n"}
,{"stream_name":"stdout","time":4.26970838,"data":"Requirement already satisfied: urllib3\u003c3,\u003e=1.21.1 in /usr/local/lib/python3.12/dist-packages (from requests\u003e=2.23.0-\u003eultralytics) (2.5.0)\n"}
,{"stream_name":"stdout","time":4.270917517,"data":"Requirement already satisfied: certifi\u003e=2017.4.17 in /usr/local/lib/python3.12/dist-packages (from requests\u003e=2.23.0-\u003eultralytics) (2026.2.25)\n"}
,{"stream_name":"stdout","time":4.287472696,"data":"Requirement already satisfied: filelock in /usr/local/lib/python3.12/dist-packages (from torch\u003e=1.8.0-\u003eultralytics) (3.25.2)\n"}
,{"stream_name":"stdout","time":4.288600391,"data":"Requirement already satisfied: typing-extensions\u003e=4.10.0 in /usr/local/lib/python3.12/dist-packages (from torch\u003e=1.8.0-\u003eultralytics) (4.15.0)\n"}
,{"stream_name":"stdout","time":4.290097191,"data":"Requirement already satisfied: setuptools in /usr/local/lib/python3.12/dist-packages (from torch\u003e=1.8.0-\u003eultralytics) (75.2.0)\n"}
,{"stream_name":"stdout","time":4.29174304,"data":"Requirement already satisfied: sympy\u003e=1.13.3 in /usr/local/lib/python3.12/dist-packages (from torch\u003e=1.8.0-\u003eultralytics) (1.14.0)\n"}
,{"stream_name":"stdout","time":4.2933252920000005,"data":"Requirement already satisfied: networkx\u003e=2.5.1 in /usr/local/lib/python3.12/dist-packages (from torch\u003e=1.8.0-\u003eultralytics) (3.6.1)\n"}
,{"stream_name":"stdout","time":4.294296105,"data":"Requirement already satisfied: jinja2 in /usr/local/lib/python3.12/dist-packages (from torch\u003e=1.8.0-\u003eultralytics) (3.1.6)\n"}
,{"stream_name":"stdout","time":4.296207925,"data":"Requirement already satisfied: fsspec\u003e=0.8.5 in /usr/local/lib/python3.12/dist-packages (from torch\u003e=1.8.0-\u003eultralytics) (2025.3.0)\n"}
,{"stream_name":"stdout","time":4.370176502,"data":"Collecting cuda-bindings==12.9.4 (from torch\u003e=1.8.0-\u003eultralytics)\n"}
,{"stream_name":"stdout","time":4.387641592,"data":"  Downloading cuda_bindings-12.9.4-cp312-cp312-manylinux_2_24_x86_64.manylinux_2_28_x86_64.whl.metadata (2.6 kB)\n"}
,{"stream_name":"stdout","time":4.404068002,"data":"Requirement already satisfied: nvidia-cuda-nvrtc-cu12==12.8.93 in /usr/local/lib/python3.12/dist-packages (from torch\u003e=1.8.0-\u003eultralytics) (12.8.93)\n"}
,{"stream_name":"stdout","time":4.405402416,"data":"Requirement already satisfied: nvidia-cuda-runtime-cu12==12.8.90 in /usr/local/lib/python3.12/dist-packages (from torch\u003e=1.8.0-\u003eultralytics) (12.8.90)\n"}
,{"stream_name":"stdout","time":4.406787561,"data":"Requirement already satisfied: nvidia-cuda-cupti-cu12==12.8.90 in /usr/local/lib/python3.12/dist-packages (from torch\u003e=1.8.0-\u003eultralytics) (12.8.90)\n"}
,{"stream_name":"stdout","time":4.4082703389999995,"data":"Requirement already satisfied: nvidia-cudnn-cu12==9.10.2.21 in /usr/local/lib/python3.12/dist-packages (from torch\u003e=1.8.0-\u003eultralytics) (9.10.2.21)\n"}
,{"stream_name":"stdout","time":4.409897932,"data":"Requirement already satisfied: nvidia-cublas-cu12==12.8.4.1 in /usr/local/lib/python3.12/dist-packages (from torch\u003e=1.8.0-\u003eultralytics) (12.8.4.1)\n"}
,{"stream_name":"stdout","time":4.411459858,"data":"Requirement already satisfied: nvidia-cufft-cu12==11.3.3.83 in /usr/local/lib/python3.12/dist-packages (from torch\u003e=1.8.0-\u003eultralytics) (11.3.3.83)\n"}
,{"stream_name":"stdout","time":4.412880161,"data":"Requirement already satisfied: nvidia-curand-cu12==10.3.9.90 in /usr/local/lib/python3.12/dist-packages (from torch\u003e=1.8.0-\u003eultralytics) (10.3.9.90)\n"}
,{"stream_name":"stdout","time":4.414315248,"data":"Requirement already satisfied: nvidia-cusolver-cu12==11.7.3.90 in /usr/local/lib/python3.12/dist-packages (from torch\u003e=1.8.0-\u003eultralytics) (11.7.3.90)\n"}
,{"stream_name":"stdout","time":4.41563038,"data":"Requirement already satisfied: nvidia-cusparse-cu12==12.5.8.93 in /usr/local/lib/python3.12/dist-packages (from torch\u003e=1.8.0-\u003eultralytics) (12.5.8.93)\n"}
,{"stream_name":"stdout","time":4.417244818,"data":"Requirement already satisfied: nvidia-cusparselt-cu12==0.7.1 in /usr/local/lib/python3.12/dist-packages (from torch\u003e=1.8.0-\u003eultralytics) (0.7.1)\n"}
,{"stream_name":"stdout","time":4.418717071,"data":"Requirement already satisfied: nvidia-nccl-cu12==2.27.5 in /usr/local/lib/python3.12/dist-packages (from torch\u003e=1.8.0-\u003eultralytics) (2.27.5)\n"}
,{"stream_name":"stdout","time":4.420065091,"data":"Requirement already satisfied: nvidia-nvshmem-cu12==3.4.5 in /usr/local/lib/python3.12/dist-packages (from torch\u003e=1.8.0-\u003eultralytics) (3.4.5)\n"}
,{"stream_name":"stdout","time":4.4215333789999995,"data":"Requirement already satisfied: nvidia-nvtx-cu12==12.8.90 in /usr/local/lib/python3.12/dist-packages (from torch\u003e=1.8.0-\u003eultralytics) (12.8.90)\n"}
,{"stream_name":"stdout","time":4.4228408120000005,"data":"Requirement already satisfied: nvidia-nvjitlink-cu12==12.8.93 in /usr/local/lib/python3.12/dist-packages (from torch\u003e=1.8.0-\u003eultralytics) (12.8.93)\n"}
,{"stream_name":"stdout","time":4.424104385,"data":"Requirement already satisfied: nvidia-cufile-cu12==1.13.1.3 in /usr/local/lib/python3.12/dist-packages (from torch\u003e=1.8.0-\u003eultralytics) (1.13.1.3)\n"}
,{"stream_name":"stdout","time":4.425446738,"data":"Requirement already satisfied: triton==3.6.0 in /usr/local/lib/python3.12/dist-packages (from torch\u003e=1.8.0-\u003eultralytics) (3.6.0)\n"}
,{"stream_name":"stdout","time":4.429109747,"data":"Requirement already satisfied: cuda-pathfinder~=1.1 in /usr/local/lib/python3.12/dist-packages (from cuda-bindings==12.9.4-\u003etorch\u003e=1.8.0-\u003eultralytics) (1.5.4)\n"}
,{"stream_name":"stdout","time":4.498975269,"data":"Requirement already satisfied: six\u003e=1.5 in /usr/local/lib/python3.12/dist-packages (from python-dateutil\u003e=2.7-\u003ematplotlib\u003e=3.3.0-\u003eultralytics) (1.17.0)\n"}
,{"stream_name":"stdout","time":4.502540087,"data":"Requirement already satisfied: mpmath\u003c1.4,\u003e=1.1.0 in /usr/local/lib/python3.12/dist-packages (from sympy\u003e=1.13.3-\u003etorch\u003e=1.8.0-\u003eultralytics) (1.3.0)\n"}
,{"stream_name":"stdout","time":4.510221464,"data":"Requirement already satisfied: MarkupSafe\u003e=2.0 in /usr/local/lib/python3.12/dist-packages (from jinja2-\u003etorch\u003e=1.8.0-\u003eultralytics) (3.0.3)\n"}
,{"stream_name":"stdout","time":4.543790355,"data":"Downloading ultralytics-8.4.67-py3-none-any.whl (1.3 MB)\n"}
,{"stream_name":"stdout","time":4.608278422,"data":"   ━━━━━━━━━━━━━━━━━━━━━━━━━━━━━━━━━━━━━━━━ 1.3/1.3 MB 21.1 MB/s eta 0:00:00\n"}
,{"stream_name":"stdout","time":4.623044725,"data":"Downloading cuda_bindings-12.9.4-cp312-cp312-manylinux_2_24_x86_64.manylinux_2_28_x86_64.whl (12.2 MB)\n"}
,{"stream_name":"stdout","time":4.742705565,"data":"   ━━━━━━━━━━━━━━━━━━━━━━━━━━━━━━━━━━━━━━━━ 12.2/12.2 MB 98.1 MB/s eta 0:00:00\n"}
,{"stream_name":"stdout","time":4.757078257,"data":"Downloading ultralytics_thop-2.0.20-py3-none-any.whl (28 kB)\n"}
,{"stream_name":"stdout","time":6.904302068,"data":"Installing collected packages: cuda-bindings, ultralytics-thop, ultralytics\n"}
,{"stream_name":"stdout","time":6.90462554,"data":"  Attempting uninstall: cuda-bindings\n"}
,{"stream_name":"stdout","time":6.913354121,"data":"    Found existing installation: cuda-bindings 13.2.0\n"}
,{"stream_name":"stdout","time":6.924199965,"data":"    Uninstalling cuda-bindings-13.2.0:\n"}
,{"stream_name":"stdout","time":7.087488273,"data":"      Successfully uninstalled cuda-bindings-13.2.0\n"}
,{"stream_name":"stderr","time":8.252178752,"data":"ERROR: pip's dependency resolver does not currently take into account all the packages that are installed. This behaviour is the source of the following dependency conflicts.\n"}
,{"stream_name":"stderr","time":8.252222951,"data":"dask-cuda 26.2.0 requires cuda-core==0.3.*, but you have cuda-core 1.0.1 which is incompatible.\n"}
,{"stream_name":"stderr","time":8.252237143,"data":"dask-cuda 26.2.0 requires numba-cuda\u003c0.23.0,\u003e=0.22.1, but you have numba-cuda 0.30.2 which is incompatible.\n"}
,{"stream_name":"stderr","time":8.252241652,"data":"distributed-ucxx-cu12 0.48.0 requires numba-cuda[cu12]\u003c0.23.0,\u003e=0.22.1, but you have numba-cuda 0.30.2 which is incompatible.\n"}
,{"stream_name":"stderr","time":8.252245769,"data":"cuml-cu12 26.2.0 requires numba\u003c0.62.0,\u003e=0.60.0, but you have numba 0.65.1 which is incompatible.\n"}
,{"stream_name":"stderr","time":8.252249504,"data":"cuml-cu12 26.2.0 requires numba-cuda[cu12]\u003c0.23.0,\u003e=0.22.1, but you have numba-cuda 0.30.2 which is incompatible.\n"}
,{"stream_name":"stderr","time":8.252253276,"data":"ucxx-cu12 0.48.0 requires numba-cuda[cu12]\u003c0.23.0,\u003e=0.22.1, but you have numba-cuda 0.30.2 which is incompatible.\n"}
,{"stream_name":"stderr","time":8.252256868,"data":"cudf-cu12 26.2.1 requires numba\u003c0.62.0,\u003e=0.60.0, but you have numba 0.65.1 which is incompatible.\n"}
,{"stream_name":"stderr","time":8.252260525,"data":"cudf-cu12 26.2.1 requires numba-cuda[cu12]\u003c0.23.0,\u003e=0.22.2, but you have numba-cuda 0.30.2 which is incompatible.\n"}
,{"stream_name":"stdout","time":8.252585011,"data":"Successfully installed cuda-bindings-12.9.4 ultralytics-8.4.67 ultralytics-thop-2.0.20\n"}
,{"stream_name":"stdout","time":13.365713887,"data":"Creating new Ultralytics Settings v0.0.6 file ✅ \n"}
,{"stream_name":"stdout","time":13.36574278,"data":"View Ultralytics Settings with 'yolo settings' or at '/root/.config/Ultralytics/settings.json'\n"}
,{"stream_name":"stdout","time":13.36574926,"data":"Update Settings with 'yolo settings key=value', i.e. 'yolo settings runs_dir=path/to/dir'. For help see https://docs.ultralytics.com/quickstart/#ultralytics-settings.\n"}
,{"stream_name":"stdout","time":19.916005427,"data":"Found videos: ['/kaggle/input/datasets/almightyj/oxford-town-centre/TownCentreXVID.mp4']\n"}
,{"stream_name":"stdout","time":19.916040606,"data":"Loading model: yolo26n-seg.pt...\n"}
,{"stream_name":"stdout","time":20.094461436,"data":"\r\u001b[KDownloading https://github.com/ultralytics/assets/releases/download/v8.4.0/yolo26n-seg.pt to 'yolo26n-seg.pt': 100% ━━━━━━━━━━━━ 6.4MB 80.6MB/s 0.1s\n"}
,{"stream_name":"stdout","time":20.316684076,"data":"Processing video at 25 FPS. Stopping after 60 seconds (1500 frames).\n"}
,{"stream_name":"stderr","time":20.420930769,"data":"/usr/local/lib/python3.12/dist-packages/torch/cuda/__init__.py:435: UserWarning: \n"}
,{"stream_name":"stderr","time":20.42096428,"data":"    Found GPU0 Tesla P100-PCIE-16GB which is of cuda capability 6.0.\n"}
,{"stream_name":"stderr","time":20.420969649,"data":"    Minimum and Maximum cuda capability supported by this version of PyTorch is\n"}
,{"stream_name":"stderr","time":20.420974041,"data":"    (7.0) - (12.0)\n"}
,{"stream_name":"stderr","time":20.420977676,"data":"    \n"}
,{"stream_name":"stderr","time":20.420981104,"data":"  queued_call()\n"}
,{"stream_name":"stderr","time":20.420984936,"data":"/usr/local/lib/python3.12/dist-packages/torch/cuda/__init__.py:435: UserWarning: \n"}
,{"stream_name":"stderr","time":20.420988913,"data":"    Please install PyTorch with a following CUDA\n"}
,{"stream_name":"stderr","time":20.420993468,"data":"    configurations:  12.6 following instructions at\n"}
,{"stream_name":"stderr","time":20.42099725,"data":"    https://pytorch.org/get-started/locally/\n"}
,{"stream_name":"stderr","time":20.421001126,"data":"    \n"}
,{"stream_name":"stderr","time":20.421004644,"data":"  queued_call()\n"}
,{"stream_name":"stderr","time":20.421193715,"data":"/usr/local/lib/python3.12/dist-packages/torch/cuda/__init__.py:435: UserWarning: \n"}
,{"stream_name":"stderr","time":20.42120427,"data":"Tesla P100-PCIE-16GB with CUDA capability sm_60 is not compatible with the current PyTorch installation.\n"}
,{"stream_name":"stderr","time":20.421208326,"data":"The current PyTorch install supports CUDA capabilities sm_70 sm_75 sm_80 sm_86 sm_90 sm_100 sm_120.\n"}
,{"stream_name":"stderr","time":20.421212152,"data":"If you want to use the Tesla P100-PCIE-16GB GPU with PyTorch, please check the instructions at https://pytorch.org/get-started/locally/\n"}
,{"stream_name":"stderr","time":20.421216164,"data":"\n"}
,{"stream_name":"stderr","time":20.42121983,"data":"  queued_call()\n"}
,{"stream_name":"stderr","time":21.154854781,"data":"Traceback (most recent call last):\n"}
,{"stream_name":"stderr","time":21.154900094,"data":"  File \"/kaggle/src/script.py\", line 54, in \u003cmodule\u003e\n"}
,{"stream_name":"stderr","time":21.155020462,"data":"    process_video(INPUT_VIDEO, OUTPUT_VIDEO)\n"}
,{"stream_name":"stderr","time":21.155060644,"data":"  File \"/kaggle/src/script.py\", line 32, in process_video\n"}
,{"stream_name":"stderr","time":21.155253188,"data":"    results = model.predict(frame, conf=0.25, verbose=False)\n"}
,{"stream_name":"stderr","time":21.155347876,"data":"              ^^^^^^^^^^^^^^^^^^^^^^^^^^^^^^^^^^^^^^^^^^^^^^\n"}
,{"stream_name":"stderr","time":21.15536098,"data":"  File \"/usr/local/lib/python3.12/dist-packages/ultralytics/engine/model.py\", line 537, in predict\n"}
,{"stream_name":"stderr","time":21.15575053,"data":"    return self.predictor.predict_cli(source=source) if is_cli else self.predictor(source=source, stream=stream)\n"}
,{"stream_name":"stderr","time":21.155947861,"data":"                                                                    ^^^^^^^^^^^^^^^^^^^^^^^^^^^^^^^^^^^^^^^^^^^^\n"}
,{"stream_name":"stderr","time":21.156010243,"data":"  File \"/usr/local/lib/python3.12/dist-packages/ultralytics/engine/predictor.py\", line 228, in __call__\n"}
,{"stream_name":"stderr","time":21.15629819,"data":"    return list(self.stream_inference(source, model, *args, **kwargs))  # merge list of Results into one\n"}
,{"stream_name":"stderr","time":21.156575377,"data":"           ^^^^^^^^^^^^^^^^^^^^^^^^^^^^^^^^^^^^^^^^^^^^^^^^^^^^^^^^^^^\n"}
,{"stream_name":"stderr","time":21.156591916,"data":"  File \"/usr/local/lib/python3.12/dist-packages/torch/utils/_contextlib.py\", line 40, in generator_context\n"}
,{"stream_name":"stderr","time":21.157652606,"data":"    response = gen.send(None)\n"}
,{"stream_name":"stderr","time":21.157669687,"data":"               ^^^^^^^^^^^^^^\n"}
,{"stream_name":"stderr","time":21.157689636,"data":"  File \"/usr/local/lib/python3.12/dist-packages/ultralytics/engine/predictor.py\", line 310, in stream_inference\n"}
,{"stream_name":"stderr","time":21.157967539,"data":"    self.model.warmup(\n"}
,{"stream_name":"stderr","time":21.157977876,"data":"  File \"/usr/local/lib/python3.12/dist-packages/ultralytics/nn/autobackend.py\", line 313, in warmup\n"}
,{"stream_name":"stderr","time":21.158189784,"data":"    self.forward(im)  # warmup model\n"}
,{"stream_name":"stderr","time":21.15819963,"data":"    ^^^^^^^^^^^^^^^^\n"}
,{"stream_name":"stderr","time":21.158204373,"data":"  File \"/usr/local/lib/python3.12/dist-packages/ultralytics/nn/autobackend.py\", line 279, in forward\n"}
,{"stream_name":"stderr","time":21.158465764,"data":"    y = self.backend.forward(im, **forward_kwargs)\n"}
,{"stream_name":"stderr","time":21.158529184,"data":"        ^^^^^^^^^^^^^^^^^^^^^^^^^^^^^^^^^^^^^^^^^^\n"}
,{"stream_name":"stderr","time":21.158569507,"data":"  File \"/usr/local/lib/python3.12/dist-packages/ultralytics/nn/backends/pytorch.py\", line 90, in forward\n"}
,{"stream_name":"stderr","time":21.158774166,"data":"    return self.model(im, augment=augment, visualize=visualize, embed=embed, **kwargs)\n"}
,{"stream_name":"stderr","time":21.158984323,"data":"           ^^^^^^^^^^^^^^^^^^^^^^^^^^^^^^^^^^^^^^^^^^^^^^^^^^^^^^^^^^^^^^^^^^^^^^^^^^^\n"}
,{"stream_name":"stderr","time":21.159031752,"data":"  File \"/usr/local/lib/python3.12/dist-packages/torch/nn/modules/module.py\", line 1776, in _wrapped_call_impl\n"}
,{"stream_name":"stderr","time":21.160577334,"data":"    return self._call_impl(*args, **kwargs)\n"}
,{"stream_name":"stderr","time":21.160667949,"data":"           ^^^^^^^^^^^^^^^^^^^^^^^^^^^^^^^^\n"}
,{"stream_name":"stderr","time":21.160743341,"data":"  File \"/usr/local/lib/python3.12/dist-packages/torch/nn/modules/module.py\", line 1787, in _call_impl\n"}
,{"stream_name":"stderr","time":21.161186998,"data":"    return forward_call(*args, **kwargs)\n"}
,{"stream_name":"stderr","time":21.161208184,"data":"           ^^^^^^^^^^^^^^^^^^^^^^^^^^^^^\n"}
,{"stream_name":"stderr","time":21.161311073,"data":"  File \"/usr/local/lib/python3.12/dist-packages/ultralytics/nn/tasks.py\", line 144, in forward\n"}
,{"stream_name":"stderr","time":21.161495772,"data":"    return self.predict(x, *args, **kwargs)\n"}
,{"stream_name":"stderr","time":21.161635088,"data":"           ^^^^^^^^^^^^^^^^^^^^^^^^^^^^^^^^\n"}
,{"stream_name":"stderr","time":21.161647286,"data":"  File \"/usr/local/lib/python3.12/dist-packages/ultralytics/nn/tasks.py\", line 161, in predict\n"}
,{"stream_name":"stderr","time":21.161834674,"data":"    return self._predict_once(x, profile, visualize, embed)\n"}
,{"stream_name":"stderr","time":21.161996028,"data":"           ^^^^^^^^^^^^^^^^^^^^^^^^^^^^^^^^^^^^^^^^^^^^^^^^\n"}
,{"stream_name":"stderr","time":21.162003054,"data":"  File \"/usr/local/lib/python3.12/dist-packages/ultralytics/nn/tasks.py\", line 183, in _predict_once\n"}
,{"stream_name":"stderr","time":21.16224832,"data":"    x = m(x)  # run\n"}
,{"stream_name":"stderr","time":21.162255939,"data":"        ^^^^\n"}
,{"stream_name":"stderr","time":21.162272695,"data":"  File \"/usr/local/lib/python3.12/dist-packages/torch/nn/modules/module.py\", line 1776, in _wrapped_call_impl\n"}
,{"stream_name":"stderr","time":21.162820448,"data":"    return self._call_impl(*args, **kwargs)\n"}
,{"stream_name":"stderr","time":21.162960888,"data":"           ^^^^^^^^^^^^^^^^^^^^^^^^^^^^^^^^\n"}
,{"stream_name":"stderr","time":21.163053858,"data":"  File \"/usr/local/lib/python3.12/dist-packages/torch/nn/modules/module.py\", line 1787, in _call_impl\n"}
,{"stream_name":"stderr","time":21.163585755,"data":"    return forward_call(*args, **kwargs)\n"}
,{"stream_name":"stderr","time":21.164517008,"data":"           ^^^^^^^^^^^^^^^^^^^^^^^^^^^^^\n"}
,{"stream_name":"stderr","time":21.164529491,"data":"  File \"/usr/local/lib/python3.12/dist-packages/ultralytics/nn/modules/conv.py\", line 89, in forward_fuse\n"}
,{"stream_name":"stderr","time":21.164536541,"data":"    return self.act(self.conv(x))\n"}
,{"stream_name":"stderr","time":21.164539041,"data":"                    ^^^^^^^^^^^^\n"}
,{"stream_name":"stderr","time":21.1645415,"data":"  File \"/usr/local/lib/python3.12/dist-packages/torch/nn/modules/module.py\", line 1776, in _wrapped_call_impl\n"}
,{"stream_name":"stderr","time":21.164544191,"data":"    return self._call_impl(*args, **kwargs)\n"}
,{"stream_name":"stderr","time":21.16454646,"data":"           ^^^^^^^^^^^^^^^^^^^^^^^^^^^^^^^^\n"}
,{"stream_name":"stderr","time":21.164548763,"data":"  File \"/usr/local/lib/python3.12/dist-packages/torch/nn/modules/module.py\", line 1787, in _call_impl\n"}
,{"stream_name":"stderr","time":21.164747883,"data":"    return forward_call(*args, **kwargs)\n"}
,{"stream_name":"stderr","time":21.164824666,"data":"           ^^^^^^^^^^^^^^^^^^^^^^^^^^^^^\n"}
,{"stream_name":"stderr","time":21.16486666,"data":"  File \"/usr/local/lib/python3.12/dist-packages/torch/nn/modules/conv.py\", line 553, in forward\n"}
,{"stream_name":"stderr","time":21.166285903,"data":"    return self._conv_forward(input, self.weight, self.bias)\n"}
,{"stream_name":"stderr","time":21.166332855,"data":"           ^^^^^^^^^^^^^^^^^^^^^^^^^^^^^^^^^^^^^^^^^^^^^^^^^\n"}
,{"stream_name":"stderr","time":21.166348122,"data":"  File \"/usr/local/lib/python3.12/dist-packages/torch/nn/modules/conv.py\", line 548, in _conv_forward\n"}
,{"stream_name":"stderr","time":21.166657519,"data":"    return F.conv2d(\n"}
,{"stream_name":"stderr","time":21.166667155,"data":"           ^^^^^^^^^\n"}
,{"stream_name":"stderr","time":21.166681247,"data":"torch.AcceleratorError: CUDA error: no kernel image is available for execution on the device\n"}
,{"stream_name":"stderr","time":21.166685113,"data":"Search for `cudaErrorNoKernelImageForDevice' in https://docs.nvidia.com/cuda/cuda-runtime-api/group__CUDART__TYPES.html for more information.\n"}
,{"stream_name":"stderr","time":21.166688954,"data":"CUDA kernel errors might be asynchronously reported at some other API call, so the stacktrace below might be incorrect.\n"}
,{"stream_name":"stderr","time":21.166692658,"data":"For debugging consider passing CUDA_LAUNCH_BLOCKING=1\n"}
,{"stream_name":"stderr","time":21.166696105,"data":"Compile with `TORCH_USE_CUDA_DSA` to enable device-side assertions.\n"}
,{"stream_name":"stderr","time":21.166699844,"data":"\n"}
,{"stream_name":"stderr","time":25.64975364,"data":"/usr/local/lib/python3.12/dist-packages/mistune.py:435: SyntaxWarning: invalid escape sequence '\\|'\n"}
,{"stream_name":"stderr","time":25.649791877,"data":"  cells[i][c] = re.sub('\\\\\\\\\\|', '|', cell)\n"}
,{"stream_name":"stderr","time":25.882098567,"data":"/usr/local/lib/python3.12/dist-packages/nbconvert/filters/filter_links.py:36: SyntaxWarning: invalid escape sequence '\\_'\n"}
,{"stream_name":"stderr","time":25.882143312,"data":"  text = re.sub(r'_', '\\_', text) # Escape underscores in display text\n"}
,{"stream_name":"stderr","time":26.945596287,"data":"[NbConvertApp] Converting notebook __script__.ipynb to html\n"}
,{"stream_name":"stderr","time":28.18484205,"data":"[NbConvertApp] Writing 282065 bytes to __results__.html\n"}
]