[{"stream_name":"stdout","time":2.65511403,"data":"Starting ground truth video generation...\n"}
,{"stream_name":"stdout","time":2.806110209,"data":"Using validation images directory: /kaggle/input/datasets/hoangxuanviet/scut-head/PartA/valid/images\n"}
,{"stream_name":"stdout","time":2.8061696449999998,"data":"Using validation labels directory: /kaggle/input/datasets/hoangxuanviet/scut-head/PartA/valid/labels\n"}
,{"stream_name":"stdout","time":2.812857719,"data":"Found 400 images.\n"}
,{"stream_name":"stdout","time":2.963245748,"data":"Writing video to /kaggle/working/scut_head_gt.mp4...\n"}
,{"stream_name":"stderr","time":3.039428517,"data":"[ WARN:0@0.584] global cap_ffmpeg.cpp:218 write FFmpeg: Failed to write frame\n"}
,{"stream_name":"stderr","time":3.057949451,"data":"[ WARN:0@0.603] global cap_ffmpeg.cpp:218 write FFmpeg: Failed to write frame\n"}
,{"stream_name":"stderr","time":3.087064232,"data":"[ WARN:0@0.632] global cap_ffmpeg.cpp:218 write FFmpeg: Failed to write frame\n"}
,{"stream_name":"stderr","time":3.109172153,"data":"[ WARN:0@0.654] global cap_ffmpeg.cpp:218 write FFmpeg: Failed to write frame\n"}
,{"stream_name":"stderr","time":3.127303678,"data":"[ WARN:0@0.672] global cap_ffmpeg.cpp:218 write FFmpeg: Failed to write frame\n"}
,{"stream_name":"stderr","time":3.143607574,"data":"[ WARN:0@0.689] global cap_ffmpeg.cpp:218 write FFmpeg: Failed to write frame\n"}
,{"stream_name":"stderr","time":3.160465571,"data":"[ WARN:0@0.706] global cap_ffmpeg.cpp:218 write FFmpeg: Failed to write frame\n"}
,{"stream_name":"stderr","time":3.181770913,"data":"[ WARN:0@0.727] global cap_ffmpeg.cpp:218 write FFmpeg: Failed to write frame\n"}
,{"stream_name":"stderr","time":3.203361232,"data":"[ WARN:0@0.748] global cap_ffmpeg.cpp:218 write FFmpeg: Failed to write frame\n"}
,{"stream_name":"stderr","time":3.22029038,"data":"[ WARN:0@0.765] global cap_ffmpeg.cpp:218 write FFmpeg: Failed to write frame\n"}
,{"stream_name":"stderr","time":3.245679482,"data":"[ WARN:0@0.791] global cap_ffmpeg.cpp:218 write FFmpeg: Failed to write frame\n"}
,{"stream_name":"stderr","time":3.264488459,"data":"[ WARN:0@0.810] global cap_ffmpeg.cpp:218 write FFmpeg: Failed to write frame\n"}
,{"stream_name":"stderr","time":3.280642196,"data":"[ WARN:0@0.826] global cap_ffmpeg.cpp:218 write FFmpeg: Failed to write frame\n"}
,{"stream_name":"stderr","time":3.297622285,"data":"[ WARN:0@0.843] global cap_ffmpeg.cpp:218 write FFmpeg: Failed to write frame\n"}
,{"stream_name":"stderr","time":3.3163597879999998,"data":"[ WARN:0@0.861] global cap_ffmpeg.cpp:218 write FFmpeg: Failed to write frame\n"}
,{"stream_name":"stderr","time":3.331779762,"data":"[ WARN:0@0.877] global cap_ffmpeg.cpp:218 write FFmpeg: Failed to write frame\n"}
,{"stream_name":"stderr","time":3.346850091,"data":"[ WARN:0@0.892] global cap_ffmpeg.cpp:218 write FFmpeg: Failed to write frame\n"}
,{"stream_name":"stderr","time":3.366103721,"data":"[ WARN:0@0.911] global cap_ffmpeg.cpp:218 write FFmpeg: Failed to write frame\n"}
,{"stream_name":"stderr","time":3.385659894,"data":"[ WARN:0@0.931] global cap_ffmpeg.cpp:218 write FFmpeg: Failed to write frame\n"}
,{"stream_name":"stderr","time":3.407850629,"data":"[ WARN:0@0.953] global cap_ffmpeg.cpp:218 write FFmpeg: Failed to write frame\n"}
,{"stream_name":"stderr","time":3.427966973,"data":"[ WARN:0@0.973] global cap_ffmpeg.cpp:218 write FFmpeg: Failed to write frame\n"}
,{"stream_name":"stderr","time":3.44540922,"data":"[ WARN:0@0.990] global cap_ffmpeg.cpp:218 write FFmpeg: Failed to write frame\n"}
,{"stream_name":"stderr","time":3.4622197359999998,"data":"[ WARN:0@1.007] global cap_ffmpeg.cpp:218 write FFmpeg: Failed to write frame\n"}
,{"stream_name":"stderr","time":3.481623906,"data":"[ WARN:0@1.027] global cap_ffmpeg.cpp:218 write FFmpeg: Failed to write frame\n"}
,{"stream_name":"stderr","time":3.498133626,"data":"[ WARN:0@1.043] global cap_ffmpeg.cpp:218 write FFmpeg: Failed to write frame\n"}
,{"stream_name":"stderr","time":3.526244533,"data":"[ WARN:0@1.071] global cap_ffmpeg.cpp:218 write FFmpeg: Failed to write frame\n"}
,{"stream_name":"stderr","time":3.549237342,"data":"[ WARN:0@1.094] global cap_ffmpeg.cpp:218 write FFmpeg: Failed to write frame\n"}
,{"stream_name":"stderr","time":3.577456703,"data":"[ WARN:0@1.123] global cap_ffmpeg.cpp:218 write FFmpeg: Failed to write frame\n"}
,{"stream_name":"stderr","time":3.59792764,"data":"[ WARN:0@1.143] global cap_ffmpeg.cpp:218 write FFmpeg: Failed to write frame\n"}
,{"stream_name":"stderr","time":3.620798443,"data":"[ WARN:0@1.166] global cap_ffmpeg.cpp:218 write FFmpeg: Failed to write frame\n"}
,{"stream_name":"stderr","time":3.639098202,"data":"[ WARN:0@1.184] global cap_ffmpeg.cpp:218 write FFmpeg: Failed to write frame\n"}
,{"stream_name":"stderr","time":3.653482785,"data":"[ WARN:0@1.199] global cap_ffmpeg.cpp:218 write FFmpeg: Failed to write frame\n"}
,{"stream_name":"stderr","time":3.682543559,"data":"[ WARN:0@1.228] global cap_ffmpeg.cpp:218 write FFmpeg: Failed to write frame\n"}
,{"stream_name":"stderr","time":3.701110649,"data":"[ WARN:0@1.246] global cap_ffmpeg.cpp:218 write FFmpeg: Failed to write frame\n"}
,{"stream_name":"stderr","time":3.724572486,"data":"[ WARN:0@1.270] global cap_ffmpeg.cpp:218 write FFmpeg: Failed to write frame\n"}
,{"stream_name":"stderr","time":3.740441325,"data":"[ WARN:0@1.286] global cap_ffmpeg.cpp:218 write FFmpeg: Failed to write frame\n"}
,{"stream_name":"stderr","time":3.757237887,"data":"[ WARN:0@1.302] global cap_ffmpeg.cpp:218 write FFmpeg: Failed to write frame\n"}
,{"stream_name":"stderr","time":3.7737211950000003,"data":"[ WARN:0@1.319] global cap_ffmpeg.cpp:218 write FFmpeg: Failed to write frame\n"}
,{"stream_name":"stderr","time":3.794053919,"data":"[ WARN:0@1.339] global cap_ffmpeg.cpp:218 write FFmpeg: Failed to write frame\n"}
,{"stream_name":"stderr","time":3.809437591,"data":"[ WARN:0@1.355] global cap_ffmpeg.cpp:218 write FFmpeg: Failed to write frame\n"}
,{"stream_name":"stderr","time":3.829282109,"data":"[ WARN:0@1.374] global cap_ffmpeg.cpp:218 write FFmpeg: Failed to write frame\n"}
,{"stream_name":"stderr","time":3.8556731920000002,"data":"[ WARN:0@1.401] global cap_ffmpeg.cpp:218 write FFmpeg: Failed to write frame\n"}
,{"stream_name":"stderr","time":3.8742792010000002,"data":"[ WARN:0@1.419] global cap_ffmpeg.cpp:218 write FFmpeg: Failed to write frame\n"}
,{"stream_name":"stderr","time":3.890421448,"data":"[ WARN:0@1.435] global cap_ffmpeg.cpp:218 write FFmpeg: Failed to write frame\n"}
,{"stream_name":"stderr","time":3.910209987,"data":"[ WARN:0@1.455] global cap_ffmpeg.cpp:218 write FFmpeg: Failed to write frame\n"}
,{"stream_name":"stderr","time":3.926382576,"data":"[ WARN:0@1.471] global cap_ffmpeg.cpp:218 write FFmpeg: Failed to write frame\n"}
,{"stream_name":"stderr","time":3.945028809,"data":"[ WARN:0@1.490] global cap_ffmpeg.cpp:218 write FFmpeg: Failed to write frame\n"}
,{"stream_name":"stderr","time":3.967214688,"data":"[ WARN:0@1.512] global cap_ffmpeg.cpp:218 write FFmpeg: Failed to write frame\n"}
,{"stream_name":"stdout","time":3.987503834,"data":"Processed 50/400 frames...\n"}
,{"stream_name":"stderr","time":3.987503994,"data":"[ WARN:0@1.533] global cap_ffmpeg.cpp:218 write FFmpeg: Failed to write frame\n"}
,{"stream_name":"stderr","time":4.001629628,"data":"[ WARN:0@1.547] global cap_ffmpeg.cpp:218 write FFmpeg: Failed to write frame\n"}
,{"stream_name":"stderr","time":4.021592286,"data":"[ WARN:0@1.567] global cap_ffmpeg.cpp:218 write FFmpeg: Failed to write frame\n"}
,{"stream_name":"stderr","time":4.038645328,"data":"[ WARN:0@1.584] global cap_ffmpeg.cpp:218 write FFmpeg: Failed to write frame\n"}
,{"stream_name":"stderr","time":4.052358402,"data":"[ WARN:0@1.597] global cap_ffmpeg.cpp:218 write FFmpeg: Failed to write frame\n"}
,{"stream_name":"stderr","time":4.06909499,"data":"[ WARN:0@1.614] global cap_ffmpeg.cpp:218 write FFmpeg: Failed to write frame\n"}
,{"stream_name":"stderr","time":4.08850889,"data":"[ WARN:0@1.634] global cap_ffmpeg.cpp:218 write FFmpeg: Failed to write frame\n"}
,{"stream_name":"stderr","time":4.103811084,"data":"[ WARN:0@1.649] global cap_ffmpeg.cpp:218 write FFmpeg: Failed to write frame\n"}
,{"stream_name":"stderr","time":4.118033917,"data":"[ WARN:0@1.663] global cap_ffmpeg.cpp:218 write FFmpeg: Failed to write frame\n"}
,{"stream_name":"stderr","time":4.13670166,"data":"[ WARN:0@1.682] global cap_ffmpeg.cpp:218 write FFmpeg: Failed to write frame\n"}
,{"stream_name":"stderr","time":4.153616342,"data":"[ WARN:0@1.699] global cap_ffmpeg.cpp:218 write FFmpeg: Failed to write frame\n"}
,{"stream_name":"stderr","time":4.1722648,"data":"[ WARN:0@1.717] global cap_ffmpeg.cpp:218 write FFmpeg: Failed to write frame\n"}
,{"stream_name":"stderr","time":4.187633108,"data":"[ WARN:0@1.733] global cap_ffmpeg.cpp:218 write FFmpeg: Failed to write frame\n"}
,{"stream_name":"stderr","time":4.213209975,"data":"[ WARN:0@1.758] global cap_ffmpeg.cpp:218 write FFmpeg: Failed to write frame\n"}
,{"stream_name":"stderr","time":4.231748401,"data":"[ WARN:0@1.777] global cap_ffmpeg.cpp:218 write FFmpeg: Failed to write frame\n"}
,{"stream_name":"stderr","time":4.257662823,"data":"[ WARN:0@1.803] global cap_ffmpeg.cpp:218 write FFmpeg: Failed to write frame\n"}
,{"stream_name":"stderr","time":4.276219047,"data":"[ WARN:0@1.821] global cap_ffmpeg.cpp:218 write FFmpeg: Failed to write frame\n"}
,{"stream_name":"stderr","time":4.29415627,"data":"[ WARN:0@1.839] global cap_ffmpeg.cpp:218 write FFmpeg: Failed to write frame\n"}
,{"stream_name":"stderr","time":4.312560754,"data":"[ WARN:0@1.858] global cap_ffmpeg.cpp:218 write FFmpeg: Failed to write frame\n"}
,{"stream_name":"stderr","time":4.3281135,"data":"[ WARN:0@1.873] global cap_ffmpeg.cpp:218 write FFmpeg: Failed to write frame\n"}
,{"stream_name":"stderr","time":4.346699346,"data":"[ WARN:0@1.892] global cap_ffmpeg.cpp:218 write FFmpeg: Failed to write frame\n"}
,{"stream_name":"stderr","time":4.363613143,"data":"[ WARN:0@1.909] global cap_ffmpeg.cpp:218 write FFmpeg: Failed to write frame\n"}
,{"stream_name":"stderr","time":4.383328755,"data":"[ WARN:0@1.928] global cap_ffmpeg.cpp:218 write FFmpeg: Failed to write frame\n"}
,{"stream_name":"stderr","time":4.401201659,"data":"[ WARN:0@1.946] global cap_ffmpeg.cpp:218 write FFmpeg: Failed to write frame\n"}
,{"stream_name":"stderr","time":4.421990873,"data":"[ WARN:0@1.967] global cap_ffmpeg.cpp:218 write FFmpeg: Failed to write frame\n"}
,{"stream_name":"stderr","time":4.438215167,"data":"[ WARN:0@1.983] global cap_ffmpeg.cpp:218 write FFmpeg: Failed to write frame\n"}
,{"stream_name":"stderr","time":4.45982142,"data":"[ WARN:0@2.005] global cap_ffmpeg.cpp:218 write FFmpeg: Failed to write frame\n"}
,{"stream_name":"stderr","time":4.482514955,"data":"[ WARN:0@2.028] global cap_ffmpeg.cpp:218 write FFmpeg: Failed to write frame\n"}
,{"stream_name":"stderr","time":4.502069835,"data":"[ WARN:0@2.047] global cap_ffmpeg.cpp:218 write FFmpeg: Failed to write frame\n"}
,{"stream_name":"stderr","time":4.518047563,"data":"[ WARN:0@2.063] global cap_ffmpeg.cpp:218 write FFmpeg: Failed to write frame\n"}
,{"stream_name":"stderr","time":4.5398212319999995,"data":"[ WARN:0@2.085] global cap_ffmpeg.cpp:218 write FFmpeg: Failed to write frame\n"}
,{"stream_name":"stderr","time":4.555938841,"data":"[ WARN:0@2.101] global cap_ffmpeg.cpp:218 write FFmpeg: Failed to write frame\n"}
,{"stream_name":"stderr","time":4.5743845499999995,"data":"[ WARN:0@2.119] global cap_ffmpeg.cpp:218 write FFmpeg: Failed to write frame\n"}
,{"stream_name":"stderr","time":4.590297036,"data":"[ WARN:0@2.135] global cap_ffmpeg.cpp:218 write FFmpeg: Failed to write frame\n"}
,{"stream_name":"stderr","time":4.610410912,"data":"[ WARN:0@2.156] global cap_ffmpeg.cpp:218 write FFmpeg: Failed to write frame\n"}
,{"stream_name":"stderr","time":4.62876538,"data":"[ WARN:0@2.174] global cap_ffmpeg.cpp:218 write FFmpeg: Failed to write frame\n"}
,{"stream_name":"stderr","time":4.649308017,"data":"[ WARN:0@2.194] global cap_ffmpeg.cpp:218 write FFmpeg: Failed to write frame\n"}
,{"stream_name":"stderr","time":4.668487665,"data":"[ WARN:0@2.214] global cap_ffmpeg.cpp:218 write FFmpeg: Failed to write frame\n"}
,{"stream_name":"stderr","time":4.688043008,"data":"[ WARN:0@2.233] global cap_ffmpeg.cpp:218 write FFmpeg: Failed to write frame\n"}
,{"stream_name":"stderr","time":4.707641291,"data":"[ WARN:0@2.253] global cap_ffmpeg.cpp:218 write FFmpeg: Failed to write frame\n"}
,{"stream_name":"stderr","time":4.725396547,"data":"[ WARN:0@2.271] global cap_ffmpeg.cpp:218 write FFmpeg: Failed to write frame\n"}
,{"stream_name":"stderr","time":4.741256849,"data":"[ WARN:0@2.286] global cap_ffmpeg.cpp:218 write FFmpeg: Failed to write frame\n"}
,{"stream_name":"stderr","time":4.766824315,"data":"[ WARN:0@2.312] global cap_ffmpeg.cpp:218 write FFmpeg: Failed to write frame\n"}
,{"stream_name":"stderr","time":4.781010027,"data":"[ WARN:0@2.326] global cap_ffmpeg.cpp:218 write FFmpeg: Failed to write frame\n"}
,{"stream_name":"stderr","time":4.802809844,"data":"[ WARN:0@2.348] global cap_ffmpeg.cpp:218 write FFmpeg: Failed to write frame\n"}
,{"stream_name":"stderr","time":4.822833212,"data":"[ WARN:0@2.368] global cap_ffmpeg.cpp:218 write FFmpeg: Failed to write frame\n"}
,{"stream_name":"stderr","time":4.8388738159999996,"data":"[ WARN:0@2.384] global cap_ffmpeg.cpp:218 write FFmpeg: Failed to write frame\n"}
,{"stream_name":"stderr","time":4.857005999,"data":"[ WARN:0@2.402] global cap_ffmpeg.cpp:218 write FFmpeg: Failed to write frame\n"}
,{"stream_name":"stderr","time":4.874092238,"data":"[ WARN:0@2.419] global cap_ffmpeg.cpp:218 write FFmpeg: Failed to write frame\n"}
,{"stream_name":"stderr","time":4.889777996,"data":"[ WARN:0@2.435] global cap_ffmpeg.cpp:218 write FFmpeg: Failed to write frame\n"}
,{"stream_name":"stdout","time":4.911803187,"data":"Processed 100/400 frames...\n"}
,{"stream_name":"stderr","time":4.911803201,"data":"[ WARN:0@2.457] global cap_ffmpeg.cpp:218 write FFmpeg: Failed to write frame\n"}
,{"stream_name":"stderr","time":4.936178392,"data":"[ WARN:0@2.481] global cap_ffmpeg.cpp:218 write FFmpeg: Failed to write frame\n"}
,{"stream_name":"stderr","time":4.952319099,"data":"[ WARN:0@2.497] global cap_ffmpeg.cpp:218 write FFmpeg: Failed to write frame\n"}
,{"stream_name":"stderr","time":4.966481026,"data":"[ WARN:0@2.512] global cap_ffmpeg.cpp:218 write FFmpeg: Failed to write frame\n"}
,{"stream_name":"stderr","time":4.982909783,"data":"[ WARN:0@2.528] global cap_ffmpeg.cpp:218 write FFmpeg: Failed to write frame\n"}
,{"stream_name":"stderr","time":4.996347631,"data":"[ WARN:0@2.541] global cap_ffmpeg.cpp:218 write FFmpeg: Failed to write frame\n"}
,{"stream_name":"stderr","time":5.016777704,"data":"[ WARN:0@2.562] global cap_ffmpeg.cpp:218 write FFmpeg: Failed to write frame\n"}
,{"stream_name":"stderr","time":5.036200942,"data":"[ WARN:0@2.581] global cap_ffmpeg.cpp:218 write FFmpeg: Failed to write frame\n"}
,{"stream_name":"stderr","time":5.055713287,"data":"[ WARN:0@2.601] global cap_ffmpeg.cpp:218 write FFmpeg: Failed to write frame\n"}
,{"stream_name":"stderr","time":5.072855355,"data":"[ WARN:0@2.618] global cap_ffmpeg.cpp:218 write FFmpeg: Failed to write frame\n"}
,{"stream_name":"stderr","time":5.092331367,"data":"[ WARN:0@2.637] global cap_ffmpeg.cpp:218 write FFmpeg: Failed to write frame\n"}
,{"stream_name":"stderr","time":5.113268124,"data":"[ WARN:0@2.658] global cap_ffmpeg.cpp:218 write FFmpeg: Failed to write frame\n"}
,{"stream_name":"stderr","time":5.137513211,"data":"[ WARN:0@2.682] global cap_ffmpeg.cpp:218 write FFmpeg: Failed to write frame\n"}
,{"stream_name":"stderr","time":5.154815608,"data":"[ WARN:0@2.700] global cap_ffmpeg.cpp:218 write FFmpeg: Failed to write frame\n"}
,{"stream_name":"stderr","time":5.170181465,"data":"[ WARN:0@2.715] global cap_ffmpeg.cpp:218 write FFmpeg: Failed to write frame\n"}
,{"stream_name":"stderr","time":5.191224447,"data":"[ WARN:0@2.736] global cap_ffmpeg.cpp:218 write FFmpeg: Failed to write frame\n"}
,{"stream_name":"stderr","time":5.214293279,"data":"[ WARN:0@2.759] global cap_ffmpeg.cpp:218 write FFmpeg: Failed to write frame\n"}
,{"stream_name":"stderr","time":5.23266905,"data":"[ WARN:0@2.778] global cap_ffmpeg.cpp:218 write FFmpeg: Failed to write frame\n"}
,{"stream_name":"stderr","time":5.249921563,"data":"[ WARN:0@2.795] global cap_ffmpeg.cpp:218 write FFmpeg: Failed to write frame\n"}
,{"stream_name":"stderr","time":5.271740575,"data":"[ WARN:0@2.817] global cap_ffmpeg.cpp:218 write FFmpeg: Failed to write frame\n"}
,{"stream_name":"stderr","time":5.287841387,"data":"[ WARN:0@2.833] global cap_ffmpeg.cpp:218 write FFmpeg: Failed to write frame\n"}
,{"stream_name":"stderr","time":5.306017154,"data":"[ WARN:0@2.851] global cap_ffmpeg.cpp:218 write FFmpeg: Failed to write frame\n"}
,{"stream_name":"stderr","time":5.32343078,"data":"[ WARN:0@2.868] global cap_ffmpeg.cpp:218 write FFmpeg: Failed to write frame\n"}
,{"stream_name":"stderr","time":5.340546571,"data":"[ WARN:0@2.885] global cap_ffmpeg.cpp:218 write FFmpeg: Failed to write frame\n"}
,{"stream_name":"stderr","time":5.357268509,"data":"[ WARN:0@2.902] global cap_ffmpeg.cpp:218 write FFmpeg: Failed to write frame\n"}
,{"stream_name":"stderr","time":5.380635602,"data":"[ WARN:0@2.926] global cap_ffmpeg.cpp:218 write FFmpeg: Failed to write frame\n"}
,{"stream_name":"stderr","time":5.398581035,"data":"[ WARN:0@2.944] global cap_ffmpeg.cpp:218 write FFmpeg: Failed to write frame\n"}
,{"stream_name":"stderr","time":5.422749312,"data":"[ WARN:0@2.968] global cap_ffmpeg.cpp:218 write FFmpeg: Failed to write frame\n"}
,{"stream_name":"stderr","time":5.439932189,"data":"[ WARN:0@2.985] global cap_ffmpeg.cpp:218 write FFmpeg: Failed to write frame\n"}
,{"stream_name":"stderr","time":5.457788746,"data":"[ WARN:0@3.003] global cap_ffmpeg.cpp:218 write FFmpeg: Failed to write frame\n"}
,{"stream_name":"stderr","time":5.475253296,"data":"[ WARN:0@3.020] global cap_ffmpeg.cpp:218 write FFmpeg: Failed to write frame\n"}
,{"stream_name":"stderr","time":5.49493947,"data":"[ WARN:0@3.040] global cap_ffmpeg.cpp:218 write FFmpeg: Failed to write frame\n"}
,{"stream_name":"stderr","time":5.50967649,"data":"[ WARN:0@3.055] global cap_ffmpeg.cpp:218 write FFmpeg: Failed to write frame\n"}
,{"stream_name":"stderr","time":5.528143201,"data":"[ WARN:0@3.073] global cap_ffmpeg.cpp:218 write FFmpeg: Failed to write frame\n"}
,{"stream_name":"stderr","time":5.545523071,"data":"[ WARN:0@3.091] global cap_ffmpeg.cpp:218 write FFmpeg: Failed to write frame\n"}
,{"stream_name":"stderr","time":5.570827305,"data":"[ WARN:0@3.116] global cap_ffmpeg.cpp:218 write FFmpeg: Failed to write frame\n"}
,{"stream_name":"stderr","time":5.616917926,"data":"[ WARN:0@3.162] global cap_ffmpeg.cpp:218 write FFmpeg: Failed to write frame\n"}
,{"stream_name":"stderr","time":5.631545909,"data":"[ WARN:0@3.177] global cap_ffmpeg.cpp:218 write FFmpeg: Failed to write frame\n"}
,{"stream_name":"stderr","time":5.6478374,"data":"[ WARN:0@3.193] global cap_ffmpeg.cpp:218 write FFmpeg: Failed to write frame\n"}
,{"stream_name":"stderr","time":5.664467524,"data":"[ WARN:0@3.210] global cap_ffmpeg.cpp:218 write FFmpeg: Failed to write frame\n"}
,{"stream_name":"stderr","time":5.690825519,"data":"[ WARN:0@3.236] global cap_ffmpeg.cpp:218 write FFmpeg: Failed to write frame\n"}
,{"stream_name":"stderr","time":5.713618083,"data":"[ WARN:0@3.259] global cap_ffmpeg.cpp:218 write FFmpeg: Failed to write frame\n"}
,{"stream_name":"stderr","time":5.731246148,"data":"[ WARN:0@3.276] global cap_ffmpeg.cpp:218 write FFmpeg: Failed to write frame\n"}
,{"stream_name":"stderr","time":5.753109733,"data":"[ WARN:0@3.298] global cap_ffmpeg.cpp:218 write FFmpeg: Failed to write frame\n"}
,{"stream_name":"stderr","time":5.775885895,"data":"[ WARN:0@3.321] global cap_ffmpeg.cpp:218 write FFmpeg: Failed to write frame\n"}
,{"stream_name":"stderr","time":5.796872319,"data":"[ WARN:0@3.342] global cap_ffmpeg.cpp:218 write FFmpeg: Failed to write frame\n"}
,{"stream_name":"stderr","time":5.817462728,"data":"[ WARN:0@3.363] global cap_ffmpeg.cpp:218 write FFmpeg: Failed to write frame\n"}
,{"stream_name":"stderr","time":5.836528428,"data":"[ WARN:0@3.382] global cap_ffmpeg.cpp:218 write FFmpeg: Failed to write frame\n"}
,{"stream_name":"stderr","time":5.85302949,"data":"[ WARN:0@3.398] global cap_ffmpeg.cpp:218 write FFmpeg: Failed to write frame\n"}
,{"stream_name":"stderr","time":5.875387814,"data":"[ WARN:0@3.420] global cap_ffmpeg.cpp:218 write FFmpeg: Failed to write frame\n"}
,{"stream_name":"stdout","time":5.875411102,"data":"Processed 150/400 frames...\n"}
,{"stream_name":"stderr","time":5.893235787,"data":"[ WARN:0@3.438] global cap_ffmpeg.cpp:218 write FFmpeg: Failed to write frame\n"}
,{"stream_name":"stderr","time":5.912580224,"data":"[ WARN:0@3.458] global cap_ffmpeg.cpp:218 write FFmpeg: Failed to write frame\n"}
,{"stream_name":"stderr","time":5.942643027,"data":"[ WARN:0@3.488] global cap_ffmpeg.cpp:218 write FFmpeg: Failed to write frame\n"}
,{"stream_name":"stderr","time":5.959047189,"data":"[ WARN:0@3.504] global cap_ffmpeg.cpp:218 write FFmpeg: Failed to write frame\n"}
,{"stream_name":"stderr","time":5.979250277,"data":"[ WARN:0@3.524] global cap_ffmpeg.cpp:218 write FFmpeg: Failed to write frame\n"}
,{"stream_name":"stderr","time":6.000767229,"data":"[ WARN:0@3.546] global cap_ffmpeg.cpp:218 write FFmpeg: Failed to write frame\n"}
,{"stream_name":"stderr","time":6.01998212,"data":"[ WARN:0@3.565] global cap_ffmpeg.cpp:218 write FFmpeg: Failed to write frame\n"}
,{"stream_name":"stderr","time":6.037881845,"data":"[ WARN:0@3.583] global cap_ffmpeg.cpp:218 write FFmpeg: Failed to write frame\n"}
,{"stream_name":"stderr","time":6.055710682,"data":"[ WARN:0@3.601] global cap_ffmpeg.cpp:218 write FFmpeg: Failed to write frame\n"}
,{"stream_name":"stderr","time":6.070569646,"data":"[ WARN:0@3.616] global cap_ffmpeg.cpp:218 write FFmpeg: Failed to write frame\n"}
,{"stream_name":"stderr","time":6.092044954,"data":"[ WARN:0@3.637] global cap_ffmpeg.cpp:218 write FFmpeg: Failed to write frame\n"}
,{"stream_name":"stderr","time":6.111979402,"data":"[ WARN:0@3.657] global cap_ffmpeg.cpp:218 write FFmpeg: Failed to write frame\n"}
,{"stream_name":"stderr","time":6.135027081,"data":"[ WARN:0@3.680] global cap_ffmpeg.cpp:218 write FFmpeg: Failed to write frame\n"}
,{"stream_name":"stderr","time":6.155786066,"data":"[ WARN:0@3.701] global cap_ffmpeg.cpp:218 write FFmpeg: Failed to write frame\n"}
,{"stream_name":"stderr","time":6.174147252,"data":"[ WARN:0@3.719] global cap_ffmpeg.cpp:218 write FFmpeg: Failed to write frame\n"}
,{"stream_name":"stderr","time":6.199749124,"data":"[ WARN:0@3.745] global cap_ffmpeg.cpp:218 write FFmpeg: Failed to write frame\n"}
,{"stream_name":"stderr","time":6.217985722,"data":"[ WARN:0@3.763] global cap_ffmpeg.cpp:218 write FFmpeg: Failed to write frame\n"}
,{"stream_name":"stderr","time":6.240699439,"data":"[ WARN:0@3.786] global cap_ffmpeg.cpp:218 write FFmpeg: Failed to write frame\n"}
,{"stream_name":"stderr","time":6.257458901,"data":"[ WARN:0@3.803] global cap_ffmpeg.cpp:218 write FFmpeg: Failed to write frame\n"}
,{"stream_name":"stderr","time":6.280650163,"data":"[ WARN:0@3.826] global cap_ffmpeg.cpp:218 write FFmpeg: Failed to write frame\n"}
,{"stream_name":"stderr","time":6.300988847,"data":"[ WARN:0@3.846] global cap_ffmpeg.cpp:218 write FFmpeg: Failed to write frame\n"}
,{"stream_name":"stderr","time":6.31903679,"data":"[ WARN:0@3.864] global cap_ffmpeg.cpp:218 write FFmpeg: Failed to write frame\n"}
,{"stream_name":"stderr","time":6.339110391,"data":"[ WARN:0@3.884] global cap_ffmpeg.cpp:218 write FFmpeg: Failed to write frame\n"}
,{"stream_name":"stderr","time":6.358344765,"data":"[ WARN:0@3.903] global cap_ffmpeg.cpp:218 write FFmpeg: Failed to write frame\n"}
,{"stream_name":"stderr","time":6.376266672,"data":"[ WARN:0@3.921] global cap_ffmpeg.cpp:218 write FFmpeg: Failed to write frame\n"}
,{"stream_name":"stderr","time":6.403592837,"data":"[ WARN:0@3.949] global cap_ffmpeg.cpp:218 write FFmpeg: Failed to write frame\n"}
,{"stream_name":"stderr","time":6.4276557610000005,"data":"[ WARN:0@3.973] global cap_ffmpeg.cpp:218 write FFmpeg: Failed to write frame\n"}
,{"stream_name":"stderr","time":6.444896309,"data":"[ WARN:0@3.990] global cap_ffmpeg.cpp:218 write FFmpeg: Failed to write frame\n"}
,{"stream_name":"stderr","time":6.463139474,"data":"[ WARN:0@4.008] global cap_ffmpeg.cpp:218 write FFmpeg: Failed to write frame\n"}
,{"stream_name":"stderr","time":6.481258866,"data":"[ WARN:0@4.026] global cap_ffmpeg.cpp:218 write FFmpeg: Failed to write frame\n"}
,{"stream_name":"stderr","time":6.498875171,"data":"[ WARN:0@4.044] global cap_ffmpeg.cpp:218 write FFmpeg: Failed to write frame\n"}
,{"stream_name":"stderr","time":6.516386435,"data":"[ WARN:0@4.061] global cap_ffmpeg.cpp:218 write FFmpeg: Failed to write frame\n"}
,{"stream_name":"stderr","time":6.533149276,"data":"[ WARN:0@4.078] global cap_ffmpeg.cpp:218 write FFmpeg: Failed to write frame\n"}
,{"stream_name":"stderr","time":6.549521915,"data":"[ WARN:0@4.095] global cap_ffmpeg.cpp:218 write FFmpeg: Failed to write frame\n"}
,{"stream_name":"stderr","time":6.56601176,"data":"[ WARN:0@4.111] global cap_ffmpeg.cpp:218 write FFmpeg: Failed to write frame\n"}
,{"stream_name":"stderr","time":6.586127452,"data":"[ WARN:0@4.131] global cap_ffmpeg.cpp:218 write FFmpeg: Failed to write frame\n"}
,{"stream_name":"stderr","time":6.602952315,"data":"[ WARN:0@4.148] global cap_ffmpeg.cpp:218 write FFmpeg: Failed to write frame\n"}
,{"stream_name":"stderr","time":6.624301117,"data":"[ WARN:0@4.169] global cap_ffmpeg.cpp:218 write FFmpeg: Failed to write frame\n"}
,{"stream_name":"stderr","time":6.641903706,"data":"[ WARN:0@4.187] global cap_ffmpeg.cpp:218 write FFmpeg: Failed to write frame\n"}
,{"stream_name":"stderr","time":6.658446435,"data":"[ WARN:0@4.204] global cap_ffmpeg.cpp:218 write FFmpeg: Failed to write frame\n"}
,{"stream_name":"stderr","time":6.681195021,"data":"[ WARN:0@4.226] global cap_ffmpeg.cpp:218 write FFmpeg: Failed to write frame\n"}
,{"stream_name":"stderr","time":6.6999463299999995,"data":"[ WARN:0@4.245] global cap_ffmpeg.cpp:218 write FFmpeg: Failed to write frame\n"}
,{"stream_name":"stderr","time":6.72200095,"data":"[ WARN:0@4.267] global cap_ffmpeg.cpp:218 write FFmpeg: Failed to write frame\n"}
,{"stream_name":"stderr","time":6.747836179,"data":"[ WARN:0@4.293] global cap_ffmpeg.cpp:218 write FFmpeg: Failed to write frame\n"}
,{"stream_name":"stderr","time":6.764076967,"data":"[ WARN:0@4.309] global cap_ffmpeg.cpp:218 write FFmpeg: Failed to write frame\n"}
,{"stream_name":"stderr","time":6.781036533,"data":"[ WARN:0@4.326] global cap_ffmpeg.cpp:218 write FFmpeg: Failed to write frame\n"}
,{"stream_name":"stderr","time":6.801243878,"data":"[ WARN:0@4.346] global cap_ffmpeg.cpp:218 write FFmpeg: Failed to write frame\n"}
,{"stream_name":"stderr","time":6.818127781,"data":"[ WARN:0@4.363] global cap_ffmpeg.cpp:218 write FFmpeg: Failed to write frame\n"}
,{"stream_name":"stderr","time":6.836426705,"data":"[ WARN:0@4.382] global cap_ffmpeg.cpp:218 write FFmpeg: Failed to write frame\n"}
,{"stream_name":"stderr","time":6.852468952,"data":"[ WARN:0@4.397] global cap_ffmpeg.cpp:218 write FFmpeg: Failed to write frame\n"}
,{"stream_name":"stdout","time":6.852485756,"data":"Processed 200/400 frames...\n"}
,{"stream_name":"stderr","time":6.870071187,"data":"[ WARN:0@4.415] global cap_ffmpeg.cpp:218 write FFmpeg: Failed to write frame\n"}
,{"stream_name":"stderr","time":6.891257431,"data":"[ WARN:0@4.436] global cap_ffmpeg.cpp:218 write FFmpeg: Failed to write frame\n"}
,{"stream_name":"stderr","time":6.907525489,"data":"[ WARN:0@4.453] global cap_ffmpeg.cpp:218 write FFmpeg: Failed to write frame\n"}
,{"stream_name":"stderr","time":6.926214827,"data":"[ WARN:0@4.471] global cap_ffmpeg.cpp:218 write FFmpeg: Failed to write frame\n"}
,{"stream_name":"stderr","time":6.945319125,"data":"[ WARN:0@4.490] global cap_ffmpeg.cpp:218 write FFmpeg: Failed to write frame\n"}
,{"stream_name":"stderr","time":6.965221795,"data":"[ WARN:0@4.510] global cap_ffmpeg.cpp:218 write FFmpeg: Failed to write frame\n"}
,{"stream_name":"stderr","time":6.983947998,"data":"[ WARN:0@4.529] global cap_ffmpeg.cpp:218 write FFmpeg: Failed to write frame\n"}
,{"stream_name":"stderr","time":7.005071496,"data":"[ WARN:0@4.550] global cap_ffmpeg.cpp:218 write FFmpeg: Failed to write frame\n"}
,{"stream_name":"stderr","time":7.022960488,"data":"[ WARN:0@4.568] global cap_ffmpeg.cpp:218 write FFmpeg: Failed to write frame\n"}
,{"stream_name":"stderr","time":7.040041587,"data":"[ WARN:0@4.585] global cap_ffmpeg.cpp:218 write FFmpeg: Failed to write frame\n"}
,{"stream_name":"stderr","time":7.056948296,"data":"[ WARN:0@4.602] global cap_ffmpeg.cpp:218 write FFmpeg: Failed to write frame\n"}
,{"stream_name":"stderr","time":7.076394069,"data":"[ WARN:0@4.621] global cap_ffmpeg.cpp:218 write FFmpeg: Failed to write frame\n"}
,{"stream_name":"stderr","time":7.097389288,"data":"[ WARN:0@4.642] global cap_ffmpeg.cpp:218 write FFmpeg: Failed to write frame\n"}
,{"stream_name":"stderr","time":7.11755128,"data":"[ WARN:0@4.663] global cap_ffmpeg.cpp:218 write FFmpeg: Failed to write frame\n"}
,{"stream_name":"stderr","time":7.141826814,"data":"[ WARN:0@4.687] global cap_ffmpeg.cpp:218 write FFmpeg: Failed to write frame\n"}
,{"stream_name":"stderr","time":7.161112001,"data":"[ WARN:0@4.706] global cap_ffmpeg.cpp:218 write FFmpeg: Failed to write frame\n"}
,{"stream_name":"stderr","time":7.184990988,"data":"[ WARN:0@4.730] global cap_ffmpeg.cpp:218 write FFmpeg: Failed to write frame\n"}
,{"stream_name":"stderr","time":7.204004299,"data":"[ WARN:0@4.749] global cap_ffmpeg.cpp:218 write FFmpeg: Failed to write frame\n"}
,{"stream_name":"stderr","time":7.225802688,"data":"[ WARN:0@4.771] global cap_ffmpeg.cpp:218 write FFmpeg: Failed to write frame\n"}
,{"stream_name":"stderr","time":7.242683362,"data":"[ WARN:0@4.788] global cap_ffmpeg.cpp:218 write FFmpeg: Failed to write frame\n"}
,{"stream_name":"stderr","time":7.260733695,"data":"[ WARN:0@4.806] global cap_ffmpeg.cpp:218 write FFmpeg: Failed to write frame\n"}
,{"stream_name":"stderr","time":7.280783918,"data":"[ WARN:0@4.826] global cap_ffmpeg.cpp:218 write FFmpeg: Failed to write frame\n"}
,{"stream_name":"stderr","time":7.302871863,"data":"[ WARN:0@4.848] global cap_ffmpeg.cpp:218 write FFmpeg: Failed to write frame\n"}
,{"stream_name":"stderr","time":7.322159929,"data":"[ WARN:0@4.867] global cap_ffmpeg.cpp:218 write FFmpeg: Failed to write frame\n"}
,{"stream_name":"stderr","time":7.3467816169999995,"data":"[ WARN:0@4.892] global cap_ffmpeg.cpp:218 write FFmpeg: Failed to write frame\n"}
,{"stream_name":"stderr","time":7.367986556,"data":"[ WARN:0@4.913] global cap_ffmpeg.cpp:218 write FFmpeg: Failed to write frame\n"}
,{"stream_name":"stderr","time":7.389157551,"data":"[ WARN:0@4.934] global cap_ffmpeg.cpp:218 write FFmpeg: Failed to write frame\n"}
,{"stream_name":"stderr","time":7.41169195,"data":"[ WARN:0@4.957] global cap_ffmpeg.cpp:218 write FFmpeg: Failed to write frame\n"}
,{"stream_name":"stderr","time":7.434212447,"data":"[ WARN:0@4.979] global cap_ffmpeg.cpp:218 write FFmpeg: Failed to write frame\n"}
,{"stream_name":"stderr","time":7.452701692,"data":"[ WARN:0@4.998] global cap_ffmpeg.cpp:218 write FFmpeg: Failed to write frame\n"}
,{"stream_name":"stderr","time":7.478427637,"data":"[ WARN:0@5.023] global cap_ffmpeg.cpp:218 write FFmpeg: Failed to write frame\n"}
,{"stream_name":"stderr","time":7.497189435,"data":"[ WARN:0@5.042] global cap_ffmpeg.cpp:218 write FFmpeg: Failed to write frame\n"}
,{"stream_name":"stderr","time":7.520045059,"data":"[ WARN:0@5.065] global cap_ffmpeg.cpp:218 write FFmpeg: Failed to write frame\n"}
,{"stream_name":"stderr","time":7.541258087,"data":"[ WARN:0@5.086] global cap_ffmpeg.cpp:218 write FFmpeg: Failed to write frame\n"}
,{"stream_name":"stderr","time":7.5619702669999995,"data":"[ WARN:0@5.107] global cap_ffmpeg.cpp:218 write FFmpeg: Failed to write frame\n"}
,{"stream_name":"stderr","time":7.577174203,"data":"[ WARN:0@5.122] global cap_ffmpeg.cpp:218 write FFmpeg: Failed to write frame\n"}
,{"stream_name":"stderr","time":7.595360164,"data":"[ WARN:0@5.140] global cap_ffmpeg.cpp:218 write FFmpeg: Failed to write frame\n"}
,{"stream_name":"stderr","time":7.613401594,"data":"[ WARN:0@5.158] global cap_ffmpeg.cpp:218 write FFmpeg: Failed to write frame\n"}
,{"stream_name":"stderr","time":7.640016937,"data":"[ WARN:0@5.185] global cap_ffmpeg.cpp:218 write FFmpeg: Failed to write frame\n"}
,{"stream_name":"stderr","time":7.660377112,"data":"[ WARN:0@5.205] global cap_ffmpeg.cpp:218 write FFmpeg: Failed to write frame\n"}
,{"stream_name":"stderr","time":7.682850166,"data":"[ WARN:0@5.228] global cap_ffmpeg.cpp:218 write FFmpeg: Failed to write frame\n"}
,{"stream_name":"stderr","time":7.701083338,"data":"[ WARN:0@5.246] global cap_ffmpeg.cpp:218 write FFmpeg: Failed to write frame\n"}
,{"stream_name":"stderr","time":7.717753116,"data":"[ WARN:0@5.263] global cap_ffmpeg.cpp:218 write FFmpeg: Failed to write frame\n"}
,{"stream_name":"stderr","time":7.733989519,"data":"[ WARN:0@5.279] global cap_ffmpeg.cpp:218 write FFmpeg: Failed to write frame\n"}
,{"stream_name":"stderr","time":7.751696228,"data":"[ WARN:0@5.297] global cap_ffmpeg.cpp:218 write FFmpeg: Failed to write frame\n"}
,{"stream_name":"stderr","time":7.768193938,"data":"[ WARN:0@5.313] global cap_ffmpeg.cpp:218 write FFmpeg: Failed to write frame\n"}
,{"stream_name":"stderr","time":7.784182326,"data":"[ WARN:0@5.329] global cap_ffmpeg.cpp:218 write FFmpeg: Failed to write frame\n"}
,{"stream_name":"stderr","time":7.802288128,"data":"[ WARN:0@5.347] global cap_ffmpeg.cpp:218 write FFmpeg: Failed to write frame\n"}
,{"stream_name":"stderr","time":7.826800274,"data":"[ WARN:0@5.372] global cap_ffmpeg.cpp:218 write FFmpeg: Failed to write frame\n"}
,{"stream_name":"stdout","time":7.844973212,"data":"Processed 250/400 frames...\n"}
,{"stream_name":"stderr","time":7.845074681,"data":"[ WARN:0@5.390] global cap_ffmpeg.cpp:218 write FFmpeg: Failed to write frame\n"}
,{"stream_name":"stderr","time":7.862139184,"data":"[ WARN:0@5.407] global cap_ffmpeg.cpp:218 write FFmpeg: Failed to write frame\n"}
,{"stream_name":"stderr","time":7.879481427,"data":"[ WARN:0@5.425] global cap_ffmpeg.cpp:218 write FFmpeg: Failed to write frame\n"}
,{"stream_name":"stderr","time":7.898083094,"data":"[ WARN:0@5.443] global cap_ffmpeg.cpp:218 write FFmpeg: Failed to write frame\n"}
,{"stream_name":"stderr","time":7.914270404,"data":"[ WARN:0@5.459] global cap_ffmpeg.cpp:218 write FFmpeg: Failed to write frame\n"}
,{"stream_name":"stderr","time":7.933362969,"data":"[ WARN:0@5.478] global cap_ffmpeg.cpp:218 write FFmpeg: Failed to write frame\n"}
,{"stream_name":"stderr","time":7.94790686,"data":"[ WARN:0@5.493] global cap_ffmpeg.cpp:218 write FFmpeg: Failed to write frame\n"}
,{"stream_name":"stderr","time":7.965000122,"data":"[ WARN:0@5.510] global cap_ffmpeg.cpp:218 write FFmpeg: Failed to write frame\n"}
,{"stream_name":"stderr","time":7.98732052,"data":"[ WARN:0@5.532] global cap_ffmpeg.cpp:218 write FFmpeg: Failed to write frame\n"}
,{"stream_name":"stderr","time":8.008207168,"data":"[ WARN:0@5.553] global cap_ffmpeg.cpp:218 write FFmpeg: Failed to write frame\n"}
,{"stream_name":"stderr","time":8.02514561,"data":"[ WARN:0@5.570] global cap_ffmpeg.cpp:218 write FFmpeg: Failed to write frame\n"}
,{"stream_name":"stderr","time":8.047313841,"data":"[ WARN:0@5.592] global cap_ffmpeg.cpp:218 write FFmpeg: Failed to write frame\n"}
,{"stream_name":"stderr","time":8.066996553,"data":"[ WARN:0@5.612] global cap_ffmpeg.cpp:218 write FFmpeg: Failed to write frame\n"}
,{"stream_name":"stderr","time":8.085640176,"data":"[ WARN:0@5.631] global cap_ffmpeg.cpp:218 write FFmpeg: Failed to write frame\n"}
,{"stream_name":"stderr","time":8.106228593,"data":"[ WARN:0@5.651] global cap_ffmpeg.cpp:218 write FFmpeg: Failed to write frame\n"}
,{"stream_name":"stderr","time":8.122060499,"data":"[ WARN:0@5.667] global cap_ffmpeg.cpp:218 write FFmpeg: Failed to write frame\n"}
,{"stream_name":"stderr","time":8.140335795,"data":"[ WARN:0@5.685] global cap_ffmpeg.cpp:218 write FFmpeg: Failed to write frame\n"}
,{"stream_name":"stderr","time":8.158361613,"data":"[ WARN:0@5.703] global cap_ffmpeg.cpp:218 write FFmpeg: Failed to write frame\n"}
,{"stream_name":"stderr","time":8.184466831,"data":"[ WARN:0@5.730] global cap_ffmpeg.cpp:218 write FFmpeg: Failed to write frame\n"}
,{"stream_name":"stderr","time":8.202363405,"data":"[ WARN:0@5.747] global cap_ffmpeg.cpp:218 write FFmpeg: Failed to write frame\n"}
,{"stream_name":"stderr","time":8.221779542,"data":"[ WARN:0@5.767] global cap_ffmpeg.cpp:218 write FFmpeg: Failed to write frame\n"}
,{"stream_name":"stderr","time":8.240860294,"data":"[ WARN:0@5.786] global cap_ffmpeg.cpp:218 write FFmpeg: Failed to write frame\n"}
,{"stream_name":"stderr","time":8.264224717,"data":"[ WARN:0@5.809] global cap_ffmpeg.cpp:218 write FFmpeg: Failed to write frame\n"}
,{"stream_name":"stderr","time":8.27945076,"data":"[ WARN:0@5.825] global cap_ffmpeg.cpp:218 write FFmpeg: Failed to write frame\n"}
,{"stream_name":"stderr","time":8.296548738,"data":"[ WARN:0@5.842] global cap_ffmpeg.cpp:218 write FFmpeg: Failed to write frame\n"}
,{"stream_name":"stderr","time":8.314078183,"data":"[ WARN:0@5.859] global cap_ffmpeg.cpp:218 write FFmpeg: Failed to write frame\n"}
,{"stream_name":"stderr","time":8.335538853,"data":"[ WARN:0@5.881] global cap_ffmpeg.cpp:218 write FFmpeg: Failed to write frame\n"}
,{"stream_name":"stderr","time":8.354481183,"data":"[ WARN:0@5.900] global cap_ffmpeg.cpp:218 write FFmpeg: Failed to write frame\n"}
,{"stream_name":"stderr","time":8.372533907,"data":"[ WARN:0@5.918] global cap_ffmpeg.cpp:218 write FFmpeg: Failed to write frame\n"}
,{"stream_name":"stderr","time":8.391141007,"data":"[ WARN:0@5.936] global cap_ffmpeg.cpp:218 write FFmpeg: Failed to write frame\n"}
,{"stream_name":"stderr","time":8.411873275,"data":"[ WARN:0@5.957] global cap_ffmpeg.cpp:218 write FFmpeg: Failed to write frame\n"}
,{"stream_name":"stderr","time":8.431154523,"data":"[ WARN:0@5.976] global cap_ffmpeg.cpp:218 write FFmpeg: Failed to write frame\n"}
,{"stream_name":"stderr","time":8.450407649,"data":"[ WARN:0@5.995] global cap_ffmpeg.cpp:218 write FFmpeg: Failed to write frame\n"}
,{"stream_name":"stderr","time":8.470104173,"data":"[ WARN:0@6.015] global cap_ffmpeg.cpp:218 write FFmpeg: Failed to write frame\n"}
,{"stream_name":"stderr","time":8.487332734,"data":"[ WARN:0@6.032] global cap_ffmpeg.cpp:218 write FFmpeg: Failed to write frame\n"}
,{"stream_name":"stderr","time":8.506464094,"data":"[ WARN:0@6.052] global cap_ffmpeg.cpp:218 write FFmpeg: Failed to write frame\n"}
,{"stream_name":"stderr","time":8.527138166,"data":"[ WARN:0@6.072] global cap_ffmpeg.cpp:218 write FFmpeg: Failed to write frame\n"}
,{"stream_name":"stderr","time":8.547659716,"data":"[ WARN:0@6.093] global cap_ffmpeg.cpp:218 write FFmpeg: Failed to write frame\n"}
,{"stream_name":"stderr","time":8.568119511999999,"data":"[ WARN:0@6.113] global cap_ffmpeg.cpp:218 write FFmpeg: Failed to write frame\n"}
,{"stream_name":"stderr","time":8.587458551,"data":"[ WARN:0@6.133] global cap_ffmpeg.cpp:218 write FFmpeg: Failed to write frame\n"}
,{"stream_name":"stderr","time":8.602903774,"data":"[ WARN:0@6.148] global cap_ffmpeg.cpp:218 write FFmpeg: Failed to write frame\n"}
,{"stream_name":"stderr","time":8.620642949,"data":"[ WARN:0@6.166] global cap_ffmpeg.cpp:218 write FFmpeg: Failed to write frame\n"}
,{"stream_name":"stderr","time":8.642316969,"data":"[ WARN:0@6.187] global cap_ffmpeg.cpp:218 write FFmpeg: Failed to write frame\n"}
,{"stream_name":"stderr","time":8.657454043,"data":"[ WARN:0@6.203] global cap_ffmpeg.cpp:218 write FFmpeg: Failed to write frame\n"}
,{"stream_name":"stderr","time":8.682527272,"data":"[ WARN:0@6.228] global cap_ffmpeg.cpp:218 write FFmpeg: Failed to write frame\n"}
,{"stream_name":"stderr","time":8.701834057,"data":"[ WARN:0@6.247] global cap_ffmpeg.cpp:218 write FFmpeg: Failed to write frame\n"}
,{"stream_name":"stderr","time":8.717329523,"data":"[ WARN:0@6.262] global cap_ffmpeg.cpp:218 write FFmpeg: Failed to write frame\n"}
,{"stream_name":"stderr","time":8.73739743,"data":"[ WARN:0@6.282] global cap_ffmpeg.cpp:218 write FFmpeg: Failed to write frame\n"}
,{"stream_name":"stderr","time":8.757307339,"data":"[ WARN:0@6.302] global cap_ffmpeg.cpp:218 write FFmpeg: Failed to write frame\n"}
,{"stream_name":"stderr","time":8.772795091999999,"data":"[ WARN:0@6.318] global cap_ffmpeg.cpp:218 write FFmpeg: Failed to write frame\n"}
,{"stream_name":"stdout","time":8.790939145,"data":"Processed 300/400 frames...\n"}
,{"stream_name":"stderr","time":8.790941935,"data":"[ WARN:0@6.336] global cap_ffmpeg.cpp:218 write FFmpeg: Failed to write frame\n"}
,{"stream_name":"stderr","time":8.81206202,"data":"[ WARN:0@6.357] global cap_ffmpeg.cpp:218 write FFmpeg: Failed to write frame\n"}
,{"stream_name":"stderr","time":8.831133314,"data":"[ WARN:0@6.376] global cap_ffmpeg.cpp:218 write FFmpeg: Failed to write frame\n"}
,{"stream_name":"stderr","time":8.849117028,"data":"[ WARN:0@6.394] global cap_ffmpeg.cpp:218 write FFmpeg: Failed to write frame\n"}
,{"stream_name":"stderr","time":8.87041186,"data":"[ WARN:0@6.416] global cap_ffmpeg.cpp:218 write FFmpeg: Failed to write frame\n"}
,{"stream_name":"stderr","time":8.890081200000001,"data":"[ WARN:0@6.435] global cap_ffmpeg.cpp:218 write FFmpeg: Failed to write frame\n"}
,{"stream_name":"stderr","time":8.908991862,"data":"[ WARN:0@6.454] global cap_ffmpeg.cpp:218 write FFmpeg: Failed to write frame\n"}
,{"stream_name":"stderr","time":8.929056450000001,"data":"[ WARN:0@6.474] global cap_ffmpeg.cpp:218 write FFmpeg: Failed to write frame\n"}
,{"stream_name":"stderr","time":8.948148698,"data":"[ WARN:0@6.493] global cap_ffmpeg.cpp:218 write FFmpeg: Failed to write frame\n"}
,{"stream_name":"stderr","time":8.968807943,"data":"[ WARN:0@6.514] global cap_ffmpeg.cpp:218 write FFmpeg: Failed to write frame\n"}
,{"stream_name":"stderr","time":8.986681051,"data":"[ WARN:0@6.532] global cap_ffmpeg.cpp:218 write FFmpeg: Failed to write frame\n"}
,{"stream_name":"stderr","time":9.00965782,"data":"[ WARN:0@6.555] global cap_ffmpeg.cpp:218 write FFmpeg: Failed to write frame\n"}
,{"stream_name":"stderr","time":9.035163775,"data":"[ WARN:0@6.580] global cap_ffmpeg.cpp:218 write FFmpeg: Failed to write frame\n"}
,{"stream_name":"stderr","time":9.055989091,"data":"[ WARN:0@6.601] global cap_ffmpeg.cpp:218 write FFmpeg: Failed to write frame\n"}
,{"stream_name":"stderr","time":9.072947105,"data":"[ WARN:0@6.618] global cap_ffmpeg.cpp:218 write FFmpeg: Failed to write frame\n"}
,{"stream_name":"stderr","time":9.090091796,"data":"[ WARN:0@6.635] global cap_ffmpeg.cpp:218 write FFmpeg: Failed to write frame\n"}
,{"stream_name":"stderr","time":9.110401413,"data":"[ WARN:0@6.655] global cap_ffmpeg.cpp:218 write FFmpeg: Failed to write frame\n"}
,{"stream_name":"stderr","time":9.12940201,"data":"[ WARN:0@6.675] global cap_ffmpeg.cpp:218 write FFmpeg: Failed to write frame\n"}
,{"stream_name":"stderr","time":9.146245429,"data":"[ WARN:0@6.691] global cap_ffmpeg.cpp:218 write FFmpeg: Failed to write frame\n"}
,{"stream_name":"stderr","time":9.162303463,"data":"[ WARN:0@6.707] global cap_ffmpeg.cpp:218 write FFmpeg: Failed to write frame\n"}
,{"stream_name":"stderr","time":9.185481968,"data":"[ WARN:0@6.730] global cap_ffmpeg.cpp:218 write FFmpeg: Failed to write frame\n"}
,{"stream_name":"stderr","time":9.202687834,"data":"[ WARN:0@6.748] global cap_ffmpeg.cpp:218 write FFmpeg: Failed to write frame\n"}
,{"stream_name":"stderr","time":9.22171404,"data":"[ WARN:0@6.767] global cap_ffmpeg.cpp:218 write FFmpeg: Failed to write frame\n"}
,{"stream_name":"stderr","time":9.238557397,"data":"[ WARN:0@6.784] global cap_ffmpeg.cpp:218 write FFmpeg: Failed to write frame\n"}
,{"stream_name":"stderr","time":9.253917139,"data":"[ WARN:0@6.799] global cap_ffmpeg.cpp:218 write FFmpeg: Failed to write frame\n"}
,{"stream_name":"stderr","time":9.277913942,"data":"[ WARN:0@6.823] global cap_ffmpeg.cpp:218 write FFmpeg: Failed to write frame\n"}
,{"stream_name":"stderr","time":9.297387793,"data":"[ WARN:0@6.842] global cap_ffmpeg.cpp:218 write FFmpeg: Failed to write frame\n"}
,{"stream_name":"stderr","time":9.313070617,"data":"[ WARN:0@6.858] global cap_ffmpeg.cpp:218 write FFmpeg: Failed to write frame\n"}
,{"stream_name":"stderr","time":9.333020366,"data":"[ WARN:0@6.878] global cap_ffmpeg.cpp:218 write FFmpeg: Failed to write frame\n"}
,{"stream_name":"stderr","time":9.351009406,"data":"[ WARN:0@6.896] global cap_ffmpeg.cpp:218 write FFmpeg: Failed to write frame\n"}
,{"stream_name":"stderr","time":9.368457051,"data":"[ WARN:0@6.914] global cap_ffmpeg.cpp:218 write FFmpeg: Failed to write frame\n"}
,{"stream_name":"stderr","time":9.391044984,"data":"[ WARN:0@6.936] global cap_ffmpeg.cpp:218 write FFmpeg: Failed to write frame\n"}
,{"stream_name":"stderr","time":9.407032728,"data":"[ WARN:0@6.952] global cap_ffmpeg.cpp:218 write FFmpeg: Failed to write frame\n"}
,{"stream_name":"stderr","time":9.429699634,"data":"[ WARN:0@6.975] global cap_ffmpeg.cpp:218 write FFmpeg: Failed to write frame\n"}
,{"stream_name":"stderr","time":9.4442826,"data":"[ WARN:0@6.989] global cap_ffmpeg.cpp:218 write FFmpeg: Failed to write frame\n"}
,{"stream_name":"stderr","time":9.464129968,"data":"[ WARN:0@7.009] global cap_ffmpeg.cpp:218 write FFmpeg: Failed to write frame\n"}
,{"stream_name":"stderr","time":9.484377322,"data":"[ WARN:0@7.029] global cap_ffmpeg.cpp:218 write FFmpeg: Failed to write frame\n"}
,{"stream_name":"stderr","time":9.515097445,"data":"[ WARN:0@7.060] global cap_ffmpeg.cpp:218 write FFmpeg: Failed to write frame\n"}
,{"stream_name":"stderr","time":9.532234687,"data":"[ WARN:0@7.077] global cap_ffmpeg.cpp:218 write FFmpeg: Failed to write frame\n"}
,{"stream_name":"stderr","time":9.548583812,"data":"[ WARN:0@7.094] global cap_ffmpeg.cpp:218 write FFmpeg: Failed to write frame\n"}
,{"stream_name":"stderr","time":9.57320079,"data":"[ WARN:0@7.118] global cap_ffmpeg.cpp:218 write FFmpeg: Failed to write frame\n"}
,{"stream_name":"stderr","time":9.594166935,"data":"[ WARN:0@7.139] global cap_ffmpeg.cpp:218 write FFmpeg: Failed to write frame\n"}
,{"stream_name":"stderr","time":9.616891513,"data":"[ WARN:0@7.162] global cap_ffmpeg.cpp:218 write FFmpeg: Failed to write frame\n"}
,{"stream_name":"stderr","time":9.634933825,"data":"[ WARN:0@7.180] global cap_ffmpeg.cpp:218 write FFmpeg: Failed to write frame\n"}
,{"stream_name":"stderr","time":9.655210845,"data":"[ WARN:0@7.200] global cap_ffmpeg.cpp:218 write FFmpeg: Failed to write frame\n"}
,{"stream_name":"stderr","time":9.675738711,"data":"[ WARN:0@7.221] global cap_ffmpeg.cpp:218 write FFmpeg: Failed to write frame\n"}
,{"stream_name":"stderr","time":9.693119432,"data":"[ WARN:0@7.238] global cap_ffmpeg.cpp:218 write FFmpeg: Failed to write frame\n"}
,{"stream_name":"stderr","time":9.710078496,"data":"[ WARN:0@7.255] global cap_ffmpeg.cpp:218 write FFmpeg: Failed to write frame\n"}
,{"stream_name":"stderr","time":9.735610864,"data":"[ WARN:0@7.281] global cap_ffmpeg.cpp:218 write FFmpeg: Failed to write frame\n"}
,{"stream_name":"stderr","time":9.772229672,"data":"[ WARN:0@7.317] global cap_ffmpeg.cpp:218 write FFmpeg: Failed to write frame\n"}
,{"stream_name":"stdout","time":9.794770581,"data":"Processed 350/400 frames...\n"}
,{"stream_name":"stderr","time":9.794778746,"data":"[ WARN:0@7.340] global cap_ffmpeg.cpp:218 write FFmpeg: Failed to write frame\n"}
,{"stream_name":"stderr","time":9.815296037,"data":"[ WARN:0@7.360] global cap_ffmpeg.cpp:218 write FFmpeg: Failed to write frame\n"}
,{"stream_name":"stderr","time":9.836678365000001,"data":"[ WARN:0@7.382] global cap_ffmpeg.cpp:218 write FFmpeg: Failed to write frame\n"}
,{"stream_name":"stderr","time":9.855693425,"data":"[ WARN:0@7.401] global cap_ffmpeg.cpp:218 write FFmpeg: Failed to write frame\n"}
,{"stream_name":"stderr","time":9.874795394,"data":"[ WARN:0@7.420] global cap_ffmpeg.cpp:218 write FFmpeg: Failed to write frame\n"}
,{"stream_name":"stderr","time":9.897738983,"data":"[ WARN:0@7.443] global cap_ffmpeg.cpp:218 write FFmpeg: Failed to write frame\n"}
,{"stream_name":"stderr","time":9.918903558,"data":"[ WARN:0@7.464] global cap_ffmpeg.cpp:218 write FFmpeg: Failed to write frame\n"}
,{"stream_name":"stderr","time":9.937894826,"data":"[ WARN:0@7.483] global cap_ffmpeg.cpp:218 write FFmpeg: Failed to write frame\n"}
,{"stream_name":"stderr","time":9.956680981,"data":"[ WARN:0@7.502] global cap_ffmpeg.cpp:218 write FFmpeg: Failed to write frame\n"}
,{"stream_name":"stderr","time":9.974375944,"data":"[ WARN:0@7.519] global cap_ffmpeg.cpp:218 write FFmpeg: Failed to write frame\n"}
,{"stream_name":"stderr","time":9.99283055,"data":"[ WARN:0@7.538] global cap_ffmpeg.cpp:218 write FFmpeg: Failed to write frame\n"}
,{"stream_name":"stderr","time":10.016936359,"data":"[ WARN:0@7.562] global cap_ffmpeg.cpp:218 write FFmpeg: Failed to write frame\n"}
,{"stream_name":"stderr","time":10.03414917,"data":"[ WARN:0@7.579] global cap_ffmpeg.cpp:218 write FFmpeg: Failed to write frame\n"}
,{"stream_name":"stderr","time":10.052917916,"data":"[ WARN:0@7.598] global cap_ffmpeg.cpp:218 write FFmpeg: Failed to write frame\n"}
,{"stream_name":"stderr","time":10.073632011,"data":"[ WARN:0@7.619] global cap_ffmpeg.cpp:218 write FFmpeg: Failed to write frame\n"}
,{"stream_name":"stderr","time":10.090183295,"data":"[ WARN:0@7.635] global cap_ffmpeg.cpp:218 write FFmpeg: Failed to write frame\n"}
,{"stream_name":"stderr","time":10.109304557,"data":"[ WARN:0@7.654] global cap_ffmpeg.cpp:218 write FFmpeg: Failed to write frame\n"}
,{"stream_name":"stderr","time":10.128530234,"data":"[ WARN:0@7.674] global cap_ffmpeg.cpp:218 write FFmpeg: Failed to write frame\n"}
,{"stream_name":"stderr","time":10.146754811,"data":"[ WARN:0@7.692] global cap_ffmpeg.cpp:218 write FFmpeg: Failed to write frame\n"}
,{"stream_name":"stderr","time":10.169562809,"data":"[ WARN:0@7.715] global cap_ffmpeg.cpp:218 write FFmpeg: Failed to write frame\n"}
,{"stream_name":"stderr","time":10.187690888,"data":"[ WARN:0@7.733] global cap_ffmpeg.cpp:218 write FFmpeg: Failed to write frame\n"}
,{"stream_name":"stderr","time":10.210260233,"data":"[ WARN:0@7.755] global cap_ffmpeg.cpp:218 write FFmpeg: Failed to write frame\n"}
,{"stream_name":"stderr","time":10.231978007,"data":"[ WARN:0@7.777] global cap_ffmpeg.cpp:218 write FFmpeg: Failed to write frame\n"}
,{"stream_name":"stderr","time":10.256092452,"data":"[ WARN:0@7.801] global cap_ffmpeg.cpp:218 write FFmpeg: Failed to write frame\n"}
,{"stream_name":"stderr","time":10.274374904,"data":"[ WARN:0@7.819] global cap_ffmpeg.cpp:218 write FFmpeg: Failed to write frame\n"}
,{"stream_name":"stderr","time":10.292932446,"data":"[ WARN:0@7.838] global cap_ffmpeg.cpp:218 write FFmpeg: Failed to write frame\n"}
,{"stream_name":"stderr","time":10.309577615,"data":"[ WARN:0@7.855] global cap_ffmpeg.cpp:218 write FFmpeg: Failed to write frame\n"}
,{"stream_name":"stderr","time":10.328648939,"data":"[ WARN:0@7.874] global cap_ffmpeg.cpp:218 write FFmpeg: Failed to write frame\n"}
,{"stream_name":"stderr","time":10.346404142,"data":"[ WARN:0@7.891] global cap_ffmpeg.cpp:218 write FFmpeg: Failed to write frame\n"}
,{"stream_name":"stderr","time":10.366267325,"data":"[ WARN:0@7.911] global cap_ffmpeg.cpp:218 write FFmpeg: Failed to write frame\n"}
,{"stream_name":"stderr","time":10.384120858,"data":"[ WARN:0@7.929] global cap_ffmpeg.cpp:218 write FFmpeg: Failed to write frame\n"}
,{"stream_name":"stderr","time":10.403521495,"data":"[ WARN:0@7.949] global cap_ffmpeg.cpp:218 write FFmpeg: Failed to write frame\n"}
,{"stream_name":"stderr","time":10.421357184,"data":"[ WARN:0@7.966] global cap_ffmpeg.cpp:218 write FFmpeg: Failed to write frame\n"}
,{"stream_name":"stderr","time":10.442799629,"data":"[ WARN:0@7.988] global cap_ffmpeg.cpp:218 write FFmpeg: Failed to write frame\n"}
,{"stream_name":"stderr","time":10.459475144,"data":"[ WARN:0@8.005] global cap_ffmpeg.cpp:218 write FFmpeg: Failed to write frame\n"}
,{"stream_name":"stderr","time":10.482238316,"data":"[ WARN:0@8.027] global cap_ffmpeg.cpp:218 write FFmpeg: Failed to write frame\n"}
,{"stream_name":"stderr","time":10.505416685,"data":"[ WARN:0@8.050] global cap_ffmpeg.cpp:218 write FFmpeg: Failed to write frame\n"}
,{"stream_name":"stderr","time":10.534125644,"data":"[ WARN:0@8.079] global cap_ffmpeg.cpp:218 write FFmpeg: Failed to write frame\n"}
,{"stream_name":"stderr","time":10.550858962,"data":"[ WARN:0@8.096] global cap_ffmpeg.cpp:218 write FFmpeg: Failed to write frame\n"}
,{"stream_name":"stderr","time":10.57275061,"data":"[ WARN:0@8.118] global cap_ffmpeg.cpp:218 write FFmpeg: Failed to write frame\n"}
,{"stream_name":"stderr","time":10.592532135,"data":"[ WARN:0@8.138] global cap_ffmpeg.cpp:218 write FFmpeg: Failed to write frame\n"}
,{"stream_name":"stderr","time":10.613863684,"data":"[ WARN:0@8.159] global cap_ffmpeg.cpp:218 write FFmpeg: Failed to write frame\n"}
,{"stream_name":"stderr","time":10.633127899,"data":"[ WARN:0@8.178] global cap_ffmpeg.cpp:218 write FFmpeg: Failed to write frame\n"}
,{"stream_name":"stderr","time":10.650411432,"data":"[ WARN:0@8.195] global cap_ffmpeg.cpp:218 write FFmpeg: Failed to write frame\n"}
,{"stream_name":"stderr","time":10.671891507,"data":"[ WARN:0@8.217] global cap_ffmpeg.cpp:218 write FFmpeg: Failed to write frame\n"}
,{"stream_name":"stderr","time":10.690688356,"data":"[ WARN:0@8.236] global cap_ffmpeg.cpp:218 write FFmpeg: Failed to write frame\n"}
,{"stream_name":"stderr","time":10.709612005,"data":"[ WARN:0@8.255] global cap_ffmpeg.cpp:218 write FFmpeg: Failed to write frame\n"}
,{"stream_name":"stderr","time":10.731698553,"data":"[ WARN:0@8.277] global cap_ffmpeg.cpp:218 write FFmpeg: Failed to write frame\n"}
,{"stream_name":"stderr","time":10.756558413,"data":"[ WARN:0@8.302] global cap_ffmpeg.cpp:218 write FFmpeg: Failed to write frame\n"}
,{"stream_name":"stderr","time":10.775811023,"data":"[ WARN:0@8.321] global cap_ffmpeg.cpp:218 write FFmpeg: Failed to write frame\n"}
,{"stream_name":"stdout","time":10.795610014,"data":"Processed 400/400 frames...\n"}
,{"stream_name":"stderr","time":10.795611705,"data":"[ WARN:0@8.341] global cap_ffmpeg.cpp:218 write FFmpeg: Failed to write frame\n"}
,{"stream_name":"stdout","time":10.804007396,"data":"🎉 Validation split ground-truth video generated successfully!\n"}
,{"stream_name":"stderr","time":14.13120963,"data":"/usr/local/lib/python3.12/dist-packages/mistune.py:435: SyntaxWarning: invalid escape sequence '\\|'\n"}
,{"stream_name":"stderr","time":14.131251545,"data":"  cells[i][c] = re.sub('\\\\\\\\\\|', '|', cell)\n"}
,{"stream_name":"stderr","time":14.732081395,"data":"/usr/local/lib/python3.12/dist-packages/nbconvert/filters/filter_links.py:36: SyntaxWarning: invalid escape sequence '\\_'\n"}
,{"stream_name":"stderr","time":14.732118669,"data":"  text = re.sub(r'_', '\\_', text) # Escape underscores in display text\n"}
,{"stream_name":"stderr","time":17.230021903,"data":"[NbConvertApp] Converting notebook __script__.ipynb to html\n"}
,{"stream_name":"stderr","time":19.158554058,"data":"[NbConvertApp] Writing 287028 bytes to __results__.html\n"}
]